#
# A fatal error has been detected by the Java Runtime Environment:
#
#  EXCEPTION_ACCESS_VIOLATION (0xc0000005) at pc=0x00007ff80834e238, pid=3576, tid=0x0000000000004348
#
# JRE version: Java(TM) SE Runtime Environment (8.0_261-b12) (build 1.8.0_261-b12)
# Java VM: Java HotSpot(TM) 64-Bit Server VM (25.261-b12 mixed mode windows-amd64 compressed oops)
# Problematic frame:
# C  0x00007ff80834e238
#
# Failed to write core dump. Minidumps are not enabled by default on client versions of Windows
#
# If you would like to submit a bug report, please visit:
#   http://bugreport.java.com/bugreport/crash.jsp
# The crash happened outside the Java Virtual Machine in native code.
# See problematic frame for where to report the bug.
#

---------------  T H R E A D  ---------------

Current thread (0x00000239fca5f800):  JavaThread "main" [_thread_in_native, id=17224, stack(0x0000008945e00000,0x0000008945ff0000)]

siginfo: ExceptionCode=0xc0000005, writing address 0x0000000000000000

Registers:
RAX=0x0000000000000000, RBX=0x0000000000000000, RCX=0x00000239f83b79a0, RDX=0x0000000000000000
RSP=0x0000008945fd72d0, RBP=0x0000008945fd9aa0, RSI=0x00000239fc724350, RDI=0x00007ff8c6c9e610
R8 =0x0000000000000003, R9 =0x0000000000000004, R10=0x00000239fc370930, R11=0x0000008945fd72c0
R12=0x0000008945fd74d0, R13=0x0000008945fdb7f0, R14=0x0000023993a60140, R15=0x0000000000000000
RIP=0x00007ff80834e238, EFLAGS=0x0000000000010246

Top of Stack: (sp=0x0000008945fd72d0)
0x0000008945fd72d0:   0000000000000000 0000000000000000
0x0000008945fd72e0:   00000239fc724350 00007ff8c6c9e610
0x0000008945fd72f0:   fffffffffffffffe 00007ff8c69ab831
0x0000008945fd7300:   00007ff8c6c9e610 0000000000000000
0x0000008945fd7310:   00000239fc724350 00000239fca5f9f8
0x0000008945fd7320:   00000239fc720100 00007ff8c6c9e610
0x0000008945fd7330:   0000000000000000 00000239989dfd48
0x0000008945fd7340:   0000208c7ed29f01 00000239ff73f9c8
0x0000008945fd7350:   0000008945fd87d8 00007ff80834d61a
0x0000008945fd7360:   00000239fca5f9f8 00000239fca5f9f8
0x0000008945fd7370:   000002399207c910 00000239fc724350
0x0000008945fd7380:   0000000000000000 000002399207c910
0x0000008945fd7390:   00000239fc724350 00000239fca5f9f8
0x0000008945fd73a0:   0000000000000000 00007ff92f75b1cb
0x0000008945fd73b0:   fffffffffffffffe 0000008945fd7a20
0x0000008945fd73c0:   0000b26b07162a19 0000000a656e6f4e 

Instructions: (pc=0x00007ff80834e238)
0x00007ff80834e218:   08 01 00 00 48 ff 07 4c 8d 0d ba dd 00 00 4c 8b
0x00007ff80834e228:   c7 49 8b d6 e8 8f db 00 00 48 8b 8e 08 01 00 00
0x00007ff80834e238:   48 ff 03 4c 8d 0d 9e dd 00 00 4c 8b c3 49 8b d6
0x00007ff80834e248:   e8 73 db 00 00 c6 44 24 70 00 48 8b 4c 24 48 48 


Register to memory mapping:

RAX=0x0000000000000000 is an unknown value
RBX=0x0000000000000000 is an unknown value
RCX=0x00000239f83b79a0 is an unknown value
RDX=0x0000000000000000 is an unknown value
RSP=0x0000008945fd72d0 is pointing into the stack for thread: 0x00000239fca5f800
RBP=0x0000008945fd9aa0 is pointing into the stack for thread: 0x00000239fca5f800
RSI=0x00000239fc724350 is an unknown value
RDI=0x00007ff8c6c9e610 is an unknown value
R8 =0x0000000000000003 is an unknown value
R9 =0x0000000000000004 is an unknown value
R10=0x00000239fc370930 is an unknown value
R11=0x0000008945fd72c0 is pointing into the stack for thread: 0x00000239fca5f800
R12=0x0000008945fd74d0 is pointing into the stack for thread: 0x00000239fca5f800
R13=0x0000008945fdb7f0 is pointing into the stack for thread: 0x00000239fca5f800
R14=0x0000023993a60140 is an unknown value
R15=0x0000000000000000 is an unknown value


Stack: [0x0000008945e00000,0x0000008945ff0000],  sp=0x0000008945fd72d0,  free space=1884k
Native frames: (J=compiled Java code, j=interpreted, Vv=VM code, C=native code)
C  0x00007ff80834e238
C  0x00007ff80834d61a
C  0x00007ff80837fb09
C  [VCRUNTIME140.dll+0x1030]
C  [VCRUNTIME140.dll+0x32f8]
C  [ntdll.dll+0xa0c96]
C  0x00007ff808362b5b
C  0x00007ff80837fadd
C  [VCRUNTIME140.dll+0x1030]
C  [VCRUNTIME140.dll+0x32f8]
C  [ntdll.dll+0xa0c96]
C  0x00007ff808362af2
C  0x0000023980019f4e

Java frames: (J=compiled Java code, j=interpreted, Vv=VM code)
j  org.jpype.manager.TypeFactoryNative.newWrapper(JJ)V+0
j  org.jpype.JPypeContext.newWrapper(J)V+16
v  ~StubRoutines::call_stub

---------------  P R O C E S S  ---------------

Java Threads: ( => current thread )
  0x00000239fcdde000 JavaThread "Python Reference Queue" daemon [_thread_blocked, id=14548, stack(0x00000089480e0000,0x00000089482d0000)]
  0x00000239fcdbd000 JavaThread "Service Thread" daemon [_thread_blocked, id=4896, stack(0x0000008947d00000,0x0000008947ef0000)]
  0x00000239fc0a7000 JavaThread "C1 CompilerThread2" daemon [_thread_blocked, id=9648, stack(0x0000008947b10000,0x0000008947d00000)]
  0x00000239fc0a6800 JavaThread "C2 CompilerThread1" daemon [_thread_blocked, id=15540, stack(0x0000008947920000,0x0000008947b10000)]
  0x00000239fc0ab000 JavaThread "C2 CompilerThread0" daemon [_thread_blocked, id=7660, stack(0x0000008947730000,0x0000008947920000)]
  0x00000239fcdbc800 JavaThread "Attach Listener" daemon [_thread_blocked, id=18156, stack(0x0000008947540000,0x0000008947730000)]
  0x00000239fcdbb800 JavaThread "Signal Dispatcher" daemon [_thread_blocked, id=7652, stack(0x0000008947350000,0x0000008947540000)]
  0x00000239fcd9a000 JavaThread "Finalizer" daemon [_thread_blocked, id=3232, stack(0x0000008947160000,0x0000008947350000)]
  0x00000239fcd54000 JavaThread "Reference Handler" daemon [_thread_blocked, id=18184, stack(0x0000008946f70000,0x0000008947160000)]
=>0x00000239fca5f800 JavaThread "main" [_thread_in_native, id=17224, stack(0x0000008945e00000,0x0000008945ff0000)]

Other Threads:
  0x00000239fcb2d000 VMThread [stack: 0x0000008946d80000,0x0000008946f70000] [id=10600]
  0x0000023991f67000 WatcherThread [stack: 0x0000008947ef0000,0x00000089480e0000] [id=3460]

VM state:not at safepoint (normal execution)

VM Mutex/Monitor currently owned by a thread: None

heap address: 0x00000000c0000000, size: 1024 MB, Compressed Oops mode: 32-bit
Narrow klass base: 0x0000000000000000, Narrow klass shift: 3
Compressed class space size: 1073741824 Address: 0x0000000100000000

Heap:
 PSYoungGen      total 24576K, used 1814K [0x00000000eab00000, 0x00000000f7880000, 0x0000000100000000)
  eden space 24064K, 7% used [0x00000000eab00000,0x00000000eaca5a30,0x00000000ec280000)
  from space 512K, 25% used [0x00000000f7780000,0x00000000f77a0000,0x00000000f7800000)
  to   space 512K, 0% used [0x00000000f7800000,0x00000000f7800000,0x00000000f7880000)
 ParOldGen       total 86016K, used 72691K [0x00000000c0000000, 0x00000000c5400000, 0x00000000eab00000)
  object space 86016K, 84% used [0x00000000c0000000,0x00000000c46fcd80,0x00000000c5400000)
 Metaspace       used 13935K, capacity 14580K, committed 14848K, reserved 1062912K
  class space    used 2074K, capacity 2249K, committed 2304K, reserved 1048576K

Card table byte_map: [0x00000239fefa0000,0x00000239ff1b0000] byte_map_base: 0x00000239fe9a0000

Marking Bits: (ParMarkBitMap*) 0x0000000075b44fb0
 Begin Bits: [0x000002398f000000, 0x0000023990000000)
 End Bits:   [0x0000023990000000, 0x0000023991000000)

Polling page: 0x00000239febb0000

CodeCache: size=245760Kb used=10356Kb max_used=12385Kb free=235403Kb
 bounds [0x0000023980000000, 0x0000023980c70000, 0x000002398f000000]
 total_blobs=3394 nmethods=3023 adapters=282
 compilation: enabled

Compilation events (10 events):
Event: 53.818 Thread 0x00000239fc0ab000 3616       4       scala.collection.mutable.ListBuffer$::newBuilder (15 bytes)
Event: 53.820 Thread 0x00000239fc0ab000 nmethod 3616 0x000002398062bed0 code [0x000002398062c020, 0x000002398062c198]
Event: 68.680 Thread 0x00000239fc0a6800 3617       4       java.util.TimSort::mergeHi (732 bytes)
Event: 68.698 Thread 0x00000239fc0a6800 nmethod 3617 0x00000239803a0350 code [0x00000239803a0500, 0x00000239803a1a68]
Event: 83.852 Thread 0x00000239fc0ab000 3618       4       java.util.TimSort::minRunLength (43 bytes)
Event: 83.852 Thread 0x00000239fc0a6800 3619       4       java.util.TimSort::mergeForceCollapse (50 bytes)
Event: 83.853 Thread 0x00000239fc0ab000 nmethod 3618 0x00000239802d2dd0 code [0x00000239802d2f00, 0x00000239802d2f58]
Event: 83.853 Thread 0x00000239fc0a6800 nmethod 3619 0x00000239802f55d0 code [0x00000239802f5720, 0x00000239802f57e8]
Event: 86.389 Thread 0x00000239fc0a6800 3620       4       java.util.TimSort::mergeAt (358 bytes)
Event: 86.392 Thread 0x00000239fc0a6800 nmethod 3620 0x000002398045fb50 code [0x000002398045fce0, 0x0000023980460050]

GC Heap History (10 events):
Event: 93.305 GC heap before
{Heap before GC invocations=642 (full 15):
 PSYoungGen      total 24576K, used 24192K [0x00000000eab00000, 0x00000000f7880000, 0x0000000100000000)
  eden space 24064K, 100% used [0x00000000eab00000,0x00000000ec280000,0x00000000ec280000)
  from space 512K, 25% used [0x00000000f7800000,0x00000000f7820000,0x00000000f7880000)
  to   space 512K, 0% used [0x00000000f7780000,0x00000000f7780000,0x00000000f7800000)
 ParOldGen       total 86016K, used 72691K [0x00000000c0000000, 0x00000000c5400000, 0x00000000eab00000)
  object space 86016K, 84% used [0x00000000c0000000,0x00000000c46fcd80,0x00000000c5400000)
 Metaspace       used 13930K, capacity 14580K, committed 14848K, reserved 1062912K
  class space    used 2072K, capacity 2249K, committed 2304K, reserved 1048576K
Event: 93.305 GC heap after
Heap after GC invocations=642 (full 15):
 PSYoungGen      total 24576K, used 128K [0x00000000eab00000, 0x00000000f7880000, 0x0000000100000000)
  eden space 24064K, 0% used [0x00000000eab00000,0x00000000eab00000,0x00000000ec280000)
  from space 512K, 25% used [0x00000000f7780000,0x00000000f77a0000,0x00000000f7800000)
  to   space 512K, 0% used [0x00000000f7800000,0x00000000f7800000,0x00000000f7880000)
 ParOldGen       total 86016K, used 72691K [0x00000000c0000000, 0x00000000c5400000, 0x00000000eab00000)
  object space 86016K, 84% used [0x00000000c0000000,0x00000000c46fcd80,0x00000000c5400000)
 Metaspace       used 13930K, capacity 14580K, committed 14848K, reserved 1062912K
  class space    used 2072K, capacity 2249K, committed 2304K, reserved 1048576K
}
Event: 93.427 GC heap before
{Heap before GC invocations=643 (full 15):
 PSYoungGen      total 24576K, used 24192K [0x00000000eab00000, 0x00000000f7880000, 0x0000000100000000)
  eden space 24064K, 100% used [0x00000000eab00000,0x00000000ec280000,0x00000000ec280000)
  from space 512K, 25% used [0x00000000f7780000,0x00000000f77a0000,0x00000000f7800000)
  to   space 512K, 0% used [0x00000000f7800000,0x00000000f7800000,0x00000000f7880000)
 ParOldGen       total 86016K, used 72691K [0x00000000c0000000, 0x00000000c5400000, 0x00000000eab00000)
  object space 86016K, 84% used [0x00000000c0000000,0x00000000c46fcd80,0x00000000c5400000)
 Metaspace       used 13930K, capacity 14580K, committed 14848K, reserved 1062912K
  class space    used 2072K, capacity 2249K, committed 2304K, reserved 1048576K
Event: 93.428 GC heap after
Heap after GC invocations=643 (full 15):
 PSYoungGen      total 24576K, used 128K [0x00000000eab00000, 0x00000000f7880000, 0x0000000100000000)
  eden space 24064K, 0% used [0x00000000eab00000,0x00000000eab00000,0x00000000ec280000)
  from space 512K, 25% used [0x00000000f7800000,0x00000000f7820000,0x00000000f7880000)
  to   space 512K, 0% used [0x00000000f7780000,0x00000000f7780000,0x00000000f7800000)
 ParOldGen       total 86016K, used 72691K [0x00000000c0000000, 0x00000000c5400000, 0x00000000eab00000)
  object space 86016K, 84% used [0x00000000c0000000,0x00000000c46fcd80,0x00000000c5400000)
 Metaspace       used 13930K, capacity 14580K, committed 14848K, reserved 1062912K
  class space    used 2072K, capacity 2249K, committed 2304K, reserved 1048576K
}
Event: 93.550 GC heap before
{Heap before GC invocations=644 (full 15):
 PSYoungGen      total 24576K, used 24191K [0x00000000eab00000, 0x00000000f7880000, 0x0000000100000000)
  eden space 24064K, 99% used [0x00000000eab00000,0x00000000ec27ffd0,0x00000000ec280000)
  from space 512K, 25% used [0x00000000f7800000,0x00000000f7820000,0x00000000f7880000)
  to   space 512K, 0% used [0x00000000f7780000,0x00000000f7780000,0x00000000f7800000)
 ParOldGen       total 86016K, used 72691K [0x00000000c0000000, 0x00000000c5400000, 0x00000000eab00000)
  object space 86016K, 84% used [0x00000000c0000000,0x00000000c46fcd80,0x00000000c5400000)
 Metaspace       used 13930K, capacity 14580K, committed 14848K, reserved 1062912K
  class space    used 2072K, capacity 2249K, committed 2304K, reserved 1048576K
Event: 93.551 GC heap after
Heap after GC invocations=644 (full 15):
 PSYoungGen      total 24576K, used 96K [0x00000000eab00000, 0x00000000f7880000, 0x0000000100000000)
  eden space 24064K, 0% used [0x00000000eab00000,0x00000000eab00000,0x00000000ec280000)
  from space 512K, 18% used [0x00000000f7780000,0x00000000f7798000,0x00000000f7800000)
  to   space 512K, 0% used [0x00000000f7800000,0x00000000f7800000,0x00000000f7880000)
 ParOldGen       total 86016K, used 72691K [0x00000000c0000000, 0x00000000c5400000, 0x00000000eab00000)
  object space 86016K, 84% used [0x00000000c0000000,0x00000000c46fcd80,0x00000000c5400000)
 Metaspace       used 13930K, capacity 14580K, committed 14848K, reserved 1062912K
  class space    used 2072K, capacity 2249K, committed 2304K, reserved 1048576K
}
Event: 93.671 GC heap before
{Heap before GC invocations=645 (full 15):
 PSYoungGen      total 24576K, used 24160K [0x00000000eab00000, 0x00000000f7880000, 0x0000000100000000)
  eden space 24064K, 100% used [0x00000000eab00000,0x00000000ec280000,0x00000000ec280000)
  from space 512K, 18% used [0x00000000f7780000,0x00000000f7798000,0x00000000f7800000)
  to   space 512K, 0% used [0x00000000f7800000,0x00000000f7800000,0x00000000f7880000)
 ParOldGen       total 86016K, used 72691K [0x00000000c0000000, 0x00000000c5400000, 0x00000000eab00000)
  object space 86016K, 84% used [0x00000000c0000000,0x00000000c46fcd80,0x00000000c5400000)
 Metaspace       used 13930K, capacity 14580K, committed 14848K, reserved 1062912K
  class space    used 2072K, capacity 2249K, committed 2304K, reserved 1048576K
Event: 93.671 GC heap after
Heap after GC invocations=645 (full 15):
 PSYoungGen      total 24576K, used 128K [0x00000000eab00000, 0x00000000f7880000, 0x0000000100000000)
  eden space 24064K, 0% used [0x00000000eab00000,0x00000000eab00000,0x00000000ec280000)
  from space 512K, 25% used [0x00000000f7800000,0x00000000f7820000,0x00000000f7880000)
  to   space 512K, 0% used [0x00000000f7780000,0x00000000f7780000,0x00000000f7800000)
 ParOldGen       total 86016K, used 72691K [0x00000000c0000000, 0x00000000c5400000, 0x00000000eab00000)
  object space 86016K, 84% used [0x00000000c0000000,0x00000000c46fcd80,0x00000000c5400000)
 Metaspace       used 13930K, capacity 14580K, committed 14848K, reserved 1062912K
  class space    used 2072K, capacity 2249K, committed 2304K, reserved 1048576K
}
Event: 93.796 GC heap before
{Heap before GC invocations=646 (full 15):
 PSYoungGen      total 24576K, used 24192K [0x00000000eab00000, 0x00000000f7880000, 0x0000000100000000)
  eden space 24064K, 100% used [0x00000000eab00000,0x00000000ec280000,0x00000000ec280000)
  from space 512K, 25% used [0x00000000f7800000,0x00000000f7820000,0x00000000f7880000)
  to   space 512K, 0% used [0x00000000f7780000,0x00000000f7780000,0x00000000f7800000)
 ParOldGen       total 86016K, used 72691K [0x00000000c0000000, 0x00000000c5400000, 0x00000000eab00000)
  object space 86016K, 84% used [0x00000000c0000000,0x00000000c46fcd80,0x00000000c5400000)
 Metaspace       used 13930K, capacity 14580K, committed 14848K, reserved 1062912K
  class space    used 2072K, capacity 2249K, committed 2304K, reserved 1048576K
Event: 93.797 GC heap after
Heap after GC invocations=646 (full 15):
 PSYoungGen      total 24576K, used 128K [0x00000000eab00000, 0x00000000f7880000, 0x0000000100000000)
  eden space 24064K, 0% used [0x00000000eab00000,0x00000000eab00000,0x00000000ec280000)
  from space 512K, 25% used [0x00000000f7780000,0x00000000f77a0000,0x00000000f7800000)
  to   space 512K, 0% used [0x00000000f7800000,0x00000000f7800000,0x00000000f7880000)
 ParOldGen       total 86016K, used 72691K [0x00000000c0000000, 0x00000000c5400000, 0x00000000eab00000)
  object space 86016K, 84% used [0x00000000c0000000,0x00000000c46fcd80,0x00000000c5400000)
 Metaspace       used 13930K, capacity 14580K, committed 14848K, reserved 1062912K
  class space    used 2072K, capacity 2249K, committed 2304K, reserved 1048576K
}

Deoptimization events (10 events):
Event: 13.367 Thread 0x00000239fca5f800 Uncommon trap: reason=class_check action=maybe_recompile pc=0x0000023980afa4b0 method=org.openkoreantext.processor.tokenizer.KoreanTokenizer$.$anonfun$findTopCandidates$2(Lorg/openkoreantext/processor/tokenizer/KoreanTokenizer$;Lorg/openkoreantext/process
Event: 13.367 Thread 0x00000239fca5f800 Uncommon trap: reason=class_check action=maybe_recompile pc=0x00000239808f2db4 method=scala.collection.immutable.List.$plus$plus(Lscala/collection/GenTraversableOnce;Lscala/collection/generic/CanBuildFrom;)Ljava/lang/Object; @ 11
Event: 13.367 Thread 0x00000239fca5f800 Uncommon trap: reason=class_check action=maybe_recompile pc=0x0000023980a7ce0c method=scala.collection.immutable.List.$colon$colon$colon(Lscala/collection/immutable/List;)Lscala/collection/immutable/List; @ 1
Event: 13.367 Thread 0x00000239fca5f800 Uncommon trap: reason=class_check action=maybe_recompile pc=0x0000023980b0d1b8 method=org.openkoreantext.processor.tokenizer.KoreanTokenizer$.$anonfun$findTopCandidates$2(Lorg/openkoreantext/processor/tokenizer/KoreanTokenizer$;Lorg/openkoreantext/process
Event: 14.320 Thread 0x00000239fca5f800 Uncommon trap: reason=bimorphic action=maybe_recompile pc=0x0000023980a6852c method=scala.collection.SeqLike.sorted(Lscala/math/Ordering;)Ljava/lang/Object; @ 1
Event: 15.306 Thread 0x00000239fca5f800 Uncommon trap: reason=unstable_if action=reinterpret pc=0x00000239805beb94 method=org.openkoreantext.processor.util.KoreanSubstantive$.isName(Ljava/lang/CharSequence;)Z @ 49
Event: 29.061 Thread 0x00000239fca5f800 Uncommon trap: reason=bimorphic action=maybe_recompile pc=0x0000023980a6852c method=scala.collection.SeqLike.sorted(Lscala/math/Ordering;)Ljava/lang/Object; @ 1
Event: 35.656 Thread 0x00000239fca5f800 Uncommon trap: reason=unstable_if action=reinterpret pc=0x0000023980b86768 method=org.openkoreantext.processor.tokenizer.ParsedChunk.$anonfun$josaMismatched$1(Lscala/collection/Seq;)Z @ 322
Event: 48.635 Thread 0x00000239fca5f800 Uncommon trap: reason=bimorphic action=maybe_recompile pc=0x0000023980a6852c method=scala.collection.SeqLike.sorted(Lscala/math/Ordering;)Ljava/lang/Object; @ 1
Event: 93.895 Thread 0x00000239fca5f800 Uncommon trap: reason=unstable_if action=reinterpret pc=0x0000023980b40654 method=org.jpype.manager.TypeManager.findClassForObject(Ljava/lang/Object;)J @ 8

Classes redefined (0 events):
No events

Internal exceptions (10 events):
Event: 4.277 Thread 0x00000239fca5f800 Exception <a 'java/lang/NoSuchMethodError': java.lang.Object.$anonfun$sliding$1(Lscala/collection/IterableLike;Lscala/collection/Seq;)Ljava/lang/Object;> (0x00000000ece5f5a8) thrown at [C:\jenkins\workspace\8-2-build-windows-amd64-cygwin\jdk8u261\295\hots
Event: 4.433 Thread 0x00000239fca5f800 Exception <a 'java/lang/NoSuchMethodError': java.lang.Object.$anonfun$sum$1(Lscala/math/Numeric;Ljava/lang/Object;Ljava/lang/Object;)Ljava/lang/Object;> (0x00000000eab3f578) thrown at [C:\jenkins\workspace\8-2-build-windows-amd64-cygwin\jdk8u261\295\hotsp
Event: 4.441 Thread 0x00000239fca5f800 Exception <a 'java/lang/NoSuchMethodError': java.lang.Object.$anonfun$releaseVersion$1$adapted(Ljava/lang/String;)Ljava/lang/Object;> (0x00000000eab7abe0) thrown at [C:\jenkins\workspace\8-2-build-windows-amd64-cygwin\jdk8u261\295\hotspot\src\share\vm\int
Event: 4.442 Thread 0x00000239fca5f800 Exception <a 'java/lang/NoSuchMethodError': java.lang.Object.$anonfun$releaseVersion$2(Ljava/lang/String;)Ljava/lang/String;> (0x00000000eab85668) thrown at [C:\jenkins\workspace\8-2-build-windows-amd64-cygwin\jdk8u261\295\hotspot\src\share\vm\interpreter
Event: 4.443 Thread 0x00000239fca5f800 Exception <a 'java/lang/NoSuchMethodError': java.lang.Object.$anonfun$developmentVersion$1$adapted(Ljava/lang/String;)Ljava/lang/Object;> (0x00000000eab89800) thrown at [C:\jenkins\workspace\8-2-build-windows-amd64-cygwin\jdk8u261\295\hotspot\src\share\vm
Event: 4.443 Thread 0x00000239fca5f800 Exception <a 'java/lang/NoSuchMethodError': java.lang.Object.$anonfun$developmentVersion$2(Lscala/util/PropertiesTrait;Ljava/lang/String;)Lscala/Option;> (0x00000000eab8d5c8) thrown at [C:\jenkins\workspace\8-2-build-windows-amd64-cygwin\jdk8u261\295\hots
Event: 4.457 Thread 0x00000239fca5f800 Exception <a 'java/lang/NoSuchMethodError': java.lang.Object.$anonfun$distinct$1(Lscala/collection/mutable/Builder;Lscala/collection/mutable/HashSet;Ljava/lang/Object;)Ljava/lang/Object;> (0x00000000eabec5b0) thrown at [C:\jenkins\workspace\8-2-build-wind
Event: 4.700 Thread 0x00000239fca5f800 Exception <a 'java/lang/NoSuchMethodError': java.lang.Object.$anonfun$addString$1(Lscala/collection/mutable/StringBuilder;Ljava/lang/String;Lscala/runtime/BooleanRef;Ljava/lang/Object;)Ljava/lang/Object;> (0x00000000ead05bb0) thrown at [C:\jenkins\workspa
Event: 5.984 Thread 0x00000239fca5f800 Exception <a 'java/lang/NoSuchMethodError': java.lang.Object.$anonfun$filterImpl$1(Lscala/Function1;ZLscala/collection/mutable/Builder;Ljava/lang/Object;)Ljava/lang/Object;> (0x00000000ec02dcf8) thrown at [C:\jenkins\workspace\8-2-build-windows-amd64-cygw
Event: 93.895 Thread 0x00000239fca5f800 Exception <a 'java/lang/InterruptedException': sleep interrupted> (0x00000000eabbdf38) thrown at [C:\jenkins\workspace\8-2-build-windows-amd64-cygwin\jdk8u261\295\hotspot\src\share\vm\prims\jvm.cpp, line 3298]

Events (10 events):
Event: 93.806 loading class sun/misc/Signal$1 done
Event: 93.807 Thread 0x0000023992984000 Thread added: 0x0000023992984000
Event: 93.807 Executing VM operation: RevokeBias
Event: 93.807 Executing VM operation: RevokeBias done
Event: 93.807 Thread 0x0000023992984000 Thread exited: 0x0000023992984000
Event: 93.895 Thread 0x00000239fca5f800 Uncommon trap: trap_request=0xffffff65 fr.pc=0x0000023980b40654
Event: 93.895 Thread 0x00000239fca5f800 DEOPT PACKING pc=0x0000023980b40654 sp=0x0000008945feaed0
Event: 93.895 Thread 0x00000239fca5f800 DEOPT UNPACKING pc=0x0000023980045843 sp=0x0000008945feae98 mode 2
Event: 93.898 loading class org/jpype/ref/JPypeReferenceSet$Pool
Event: 93.898 loading class org/jpype/ref/JPypeReferenceSet$Pool done


Dynamic libraries:
0x00007ff71de40000 - 0x00007ff71de5c000 	C:\Users\jongm\anaconda3\envs\tensorflow\python.exe
0x00007ff932360000 - 0x00007ff932550000 	C:\windows\SYSTEM32\ntdll.dll
0x00007ff931cc0000 - 0x00007ff931d72000 	C:\windows\System32\KERNEL32.DLL
0x00007ff92f730000 - 0x00007ff92f9d5000 	C:\windows\System32\KERNELBASE.dll
0x00007ff92f470000 - 0x00007ff92f56a000 	C:\windows\System32\ucrtbase.dll
0x00007ff928090000 - 0x00007ff9280a5000 	C:\Users\jongm\anaconda3\envs\tensorflow\VCRUNTIME140.dll
0x00007ff8c69a0000 - 0x00007ff8c6d63000 	C:\Users\jongm\anaconda3\envs\tensorflow\python37.dll
0x00007ff930d10000 - 0x00007ff930d62000 	C:\windows\System32\SHLWAPI.dll
0x00007ff9321e0000 - 0x00007ff93227e000 	C:\windows\System32\msvcrt.dll
0x00007ff931660000 - 0x00007ff931996000 	C:\windows\System32\combase.dll
0x00007ff931d80000 - 0x00007ff931ea0000 	C:\windows\System32\RPCRT4.dll
0x00007ff91f9a0000 - 0x00007ff91f9aa000 	C:\windows\SYSTEM32\VERSION.dll
0x00007ff92f300000 - 0x00007ff92f381000 	C:\windows\System32\bcryptPrimitives.dll
0x00007ff9312d0000 - 0x00007ff9312f6000 	C:\windows\System32\GDI32.dll
0x00007ff92f2d0000 - 0x00007ff92f2f1000 	C:\windows\System32\win32u.dll
0x00007ff92f590000 - 0x00007ff92f726000 	C:\windows\System32\gdi32full.dll
0x00007ff930370000 - 0x00007ff93040e000 	C:\windows\System32\msvcp_win.dll
0x00007ff930b70000 - 0x00007ff930d04000 	C:\windows\System32\USER32.dll
0x00007ff9319a0000 - 0x00007ff931a0f000 	C:\windows\System32\WS2_32.dll
0x00007ff931a20000 - 0x00007ff931ac3000 	C:\windows\System32\ADVAPI32.dll
0x00007ff932280000 - 0x00007ff932317000 	C:\windows\System32\sechost.dll
0x00007ff930d70000 - 0x00007ff930d9e000 	C:\windows\System32\IMM32.DLL
0x00007ff92f570000 - 0x00007ff92f587000 	C:\windows\System32\CRYPTSP.dll
0x00007ff92e5c0000 - 0x00007ff92e5f3000 	C:\windows\system32\rsaenh.dll
0x00007ff92f3e0000 - 0x00007ff92f406000 	C:\windows\System32\bcrypt.dll
0x00007ff92ec20000 - 0x00007ff92ec2c000 	C:\windows\SYSTEM32\CRYPTBASE.dll
0x00007ff9280c0000 - 0x00007ff9280cf000 	C:\Users\jongm\anaconda3\envs\tensorflow\python3.DLL
0x00007ff928040000 - 0x00007ff928049000 	C:\Users\jongm\anaconda3\envs\tensorflow\lib\site-packages\markupsafe\_speedups.cp37-win_amd64.pyd
0x00007ff91af80000 - 0x00007ff91af98000 	C:\Users\jongm\anaconda3\envs\tensorflow\DLLs\_bz2.pyd
0x00007ff91af50000 - 0x00007ff91af80000 	C:\Users\jongm\anaconda3\envs\tensorflow\DLLs\_lzma.pyd
0x00007ff91af40000 - 0x00007ff91af4d000 	C:\Users\jongm\anaconda3\envs\tensorflow\DLLs\_hashlib.pyd
0x00007ff8bea10000 - 0x00007ff8bed5a000 	C:\Users\jongm\anaconda3\envs\tensorflow\Library\bin\libcrypto-1_1-x64.dll
0x00007ff904b80000 - 0x00007ff904bc4000 	C:\Users\jongm\anaconda3\envs\tensorflow\DLLs\_decimal.pyd
0x00007ff9047f0000 - 0x00007ff9048f8000 	C:\Users\jongm\anaconda3\envs\tensorflow\DLLs\unicodedata.pyd
0x00007ff90f310000 - 0x00007ff90f325000 	C:\Users\jongm\anaconda3\envs\tensorflow\DLLs\_socket.pyd
0x00007ff91af00000 - 0x00007ff91af09000 	C:\Users\jongm\anaconda3\envs\tensorflow\DLLs\select.pyd
0x00007ff90f2f0000 - 0x00007ff90f30f000 	C:\Users\jongm\anaconda3\envs\tensorflow\DLLs\_ssl.pyd
0x00007ff92fa90000 - 0x00007ff92fbd9000 	C:\windows\System32\CRYPT32.dll
0x00007ff92f210000 - 0x00007ff92f222000 	C:\windows\System32\MSASN1.dll
0x00007ff904740000 - 0x00007ff9047ec000 	C:\Users\jongm\anaconda3\envs\tensorflow\Library\bin\libssl-1_1-x64.dll
0x00007ff91add0000 - 0x00007ff91ade0000 	C:\Users\jongm\anaconda3\envs\tensorflow\lib\site-packages\simplejson\_speedups.cp37-win_amd64.pyd
0x00007ff904710000 - 0x00007ff904733000 	C:\Users\jongm\anaconda3\envs\tensorflow\DLLs\_ctypes.pyd
0x00007ff931f00000 - 0x00007ff932057000 	C:\windows\System32\ole32.dll
0x00007ff931bf0000 - 0x00007ff931cb5000 	C:\windows\System32\OLEAUT32.dll
0x00007ff930480000 - 0x00007ff930b67000 	C:\windows\System32\shell32.DLL
0x00007ff92f390000 - 0x00007ff92f3da000 	C:\windows\System32\cfgmgr32.dll
0x00007ff932130000 - 0x00007ff9321d9000 	C:\windows\System32\shcore.dll
0x00007ff92fbe0000 - 0x00007ff930361000 	C:\windows\System32\windows.storage.dll
0x00007ff92f2a0000 - 0x00007ff92f2c3000 	C:\windows\System32\profapi.dll
0x00007ff92f230000 - 0x00007ff92f27a000 	C:\windows\System32\powrprof.dll
0x00007ff92f200000 - 0x00007ff92f210000 	C:\windows\System32\UMPDC.dll
0x00007ff92f280000 - 0x00007ff92f291000 	C:\windows\System32\kernel.appcore.dll
0x00007ff917dd0000 - 0x00007ff917dd9000 	C:\Users\jongm\anaconda3\envs\tensorflow\lib\site-packages\sqlalchemy\cprocessors.cp37-win_amd64.pyd
0x00007ff90f240000 - 0x00007ff90f248000 	C:\Users\jongm\anaconda3\envs\tensorflow\lib\site-packages\sqlalchemy\cutils.cp37-win_amd64.pyd
0x00007ff90f230000 - 0x00007ff90f23a000 	C:\Users\jongm\anaconda3\envs\tensorflow\lib\site-packages\sqlalchemy\cresultproxy.cp37-win_amd64.pyd
0x00007ff90d730000 - 0x00007ff90d737000 	C:\Users\jongm\anaconda3\envs\tensorflow\lib\site-packages\mkl\_mklinit.cp37-win_amd64.pyd
0x00007ff8bc800000 - 0x00007ff8bd85d000 	C:\Users\jongm\anaconda3\envs\tensorflow\Library\bin\mkl_rt.dll
0x00007ff900040000 - 0x00007ff900062000 	C:\Users\jongm\anaconda3\envs\tensorflow\lib\site-packages\mkl\_py_mkl_service.cp37-win_amd64.pyd
0x00007ff8c7040000 - 0x00007ff8c7308000 	C:\Users\jongm\anaconda3\envs\tensorflow\lib\site-packages\numpy\core\_multiarray_umath.cp37-win_amd64.pyd
0x00007ff900020000 - 0x00007ff90003f000 	C:\Users\jongm\anaconda3\envs\tensorflow\lib\site-packages\numpy\core\_multiarray_tests.cp37-win_amd64.pyd
0x00007ff90cbd0000 - 0x00007ff90cbd9000 	C:\Users\jongm\anaconda3\envs\tensorflow\lib\site-packages\numpy\linalg\lapack_lite.cp37-win_amd64.pyd
0x00007ff8ffff0000 - 0x00007ff90001a000 	C:\Users\jongm\anaconda3\envs\tensorflow\lib\site-packages\numpy\linalg\_umath_linalg.cp37-win_amd64.pyd
0x00007ff8fffd0000 - 0x00007ff8ffff0000 	C:\Users\jongm\anaconda3\envs\tensorflow\lib\site-packages\numpy\fft\_pocketfft_internal.cp37-win_amd64.pyd
0x00007ff8fcce0000 - 0x00007ff8fcd6f000 	C:\Users\jongm\anaconda3\envs\tensorflow\lib\site-packages\numpy\random\mtrand.cp37-win_amd64.pyd
0x00007ff8fffa0000 - 0x00007ff8fffca000 	C:\Users\jongm\anaconda3\envs\tensorflow\lib\site-packages\numpy\random\bit_generator.cp37-win_amd64.pyd
0x00007ff8ffef0000 - 0x00007ff8fff21000 	C:\Users\jongm\anaconda3\envs\tensorflow\lib\site-packages\numpy\random\_common.cp37-win_amd64.pyd
0x00007ff8f3850000 - 0x00007ff8f3890000 	C:\Users\jongm\anaconda3\envs\tensorflow\lib\site-packages\numpy\random\_bounded_integers.cp37-win_amd64.pyd
0x00007ff8fff80000 - 0x00007ff8fff98000 	C:\Users\jongm\anaconda3\envs\tensorflow\lib\site-packages\numpy\random\_mt19937.cp37-win_amd64.pyd
0x00007ff8f9cf0000 - 0x00007ff8f9d07000 	C:\Users\jongm\anaconda3\envs\tensorflow\lib\site-packages\numpy\random\_philox.cp37-win_amd64.pyd
0x00007ff8f6ae0000 - 0x00007ff8f6af5000 	C:\Users\jongm\anaconda3\envs\tensorflow\lib\site-packages\numpy\random\_pcg64.cp37-win_amd64.pyd
0x00007ff8f39a0000 - 0x00007ff8f39b2000 	C:\Users\jongm\anaconda3\envs\tensorflow\lib\site-packages\numpy\random\_sfc64.cp37-win_amd64.pyd
0x00007ff8f37a0000 - 0x00007ff8f3844000 	C:\Users\jongm\anaconda3\envs\tensorflow\lib\site-packages\numpy\random\_generator.cp37-win_amd64.pyd
0x00007ff8b9a30000 - 0x00007ff8bc7fd000 	C:\Users\jongm\anaconda3\envs\tensorflow\Library\bin\mkl_intel_thread.dll
0x00007ff8b5290000 - 0x00007ff8b9a2a000 	C:\Users\jongm\anaconda3\envs\tensorflow\Library\bin\mkl_core.dll
0x00007ff8b2aa0000 - 0x00007ff8b5282000 	C:\Users\jongm\anaconda3\envs\tensorflow\Library\bin\mkl_avx2.dll
0x00007ff8b1c30000 - 0x00007ff8b2a9d000 	C:\Users\jongm\anaconda3\envs\tensorflow\Library\bin\mkl_vml_avx2.dll
0x00007ff8db5e0000 - 0x00007ff8db6ed000 	C:\Users\jongm\anaconda3\envs\tensorflow\lib\site-packages\pandas\_libs\interval.cp37-win_amd64.pyd
0x00007ff8f09e0000 - 0x00007ff8f0a61000 	C:\Users\jongm\anaconda3\envs\tensorflow\lib\site-packages\pandas\_libs\hashtable.cp37-win_amd64.pyd
0x00007ff8f1ff0000 - 0x00007ff8f201b000 	C:\Users\jongm\anaconda3\envs\tensorflow\lib\site-packages\pandas\_libs\missing.cp37-win_amd64.pyd
0x00007ff8f3780000 - 0x00007ff8f379d000 	C:\Users\jongm\anaconda3\envs\tensorflow\lib\site-packages\pandas\_libs\tslibs\dtypes.cp37-win_amd64.pyd
0x00007ff8f1840000 - 0x00007ff8f187c000 	C:\Users\jongm\anaconda3\envs\tensorflow\lib\site-packages\pandas\_libs\tslibs\conversion.cp37-win_amd64.pyd
0x00007ff9075c0000 - 0x00007ff9075cf000 	C:\Users\jongm\anaconda3\envs\tensorflow\lib\site-packages\pandas\_libs\tslibs\base.cp37-win_amd64.pyd
0x00007ff8f18b0000 - 0x00007ff8f18df000 	C:\Users\jongm\anaconda3\envs\tensorflow\lib\site-packages\pandas\_libs\tslibs\nattype.cp37-win_amd64.pyd
0x00007ff904700000 - 0x00007ff90470f000 	C:\Users\jongm\anaconda3\envs\tensorflow\lib\site-packages\pandas\_libs\tslibs\np_datetime.cp37-win_amd64.pyd
0x00007ff8f1460000 - 0x00007ff8f1494000 	C:\Users\jongm\anaconda3\envs\tensorflow\lib\site-packages\pandas\_libs\tslibs\timezones.cp37-win_amd64.pyd
0x00007ff8f09a0000 - 0x00007ff8f09db000 	C:\Users\jongm\anaconda3\envs\tensorflow\lib\site-packages\pandas\_libs\tslibs\tzconversion.cp37-win_amd64.pyd
0x00007ff8f20d0000 - 0x00007ff8f20e2000 	C:\Users\jongm\anaconda3\envs\tensorflow\lib\site-packages\pandas\_libs\tslibs\ccalendar.cp37-win_amd64.pyd
0x00007ff8db580000 - 0x00007ff8db5d1000 	C:\Users\jongm\anaconda3\envs\tensorflow\lib\site-packages\pandas\_libs\tslibs\parsing.cp37-win_amd64.pyd
0x00007ff8d5120000 - 0x00007ff8d51e5000 	C:\Users\jongm\anaconda3\envs\tensorflow\lib\site-packages\pandas\_libs\tslibs\offsets.cp37-win_amd64.pyd
0x00007ff8db520000 - 0x00007ff8db57d000 	C:\Users\jongm\anaconda3\envs\tensorflow\lib\site-packages\pandas\_libs\tslibs\timedeltas.cp37-win_amd64.pyd
0x00007ff8db4c0000 - 0x00007ff8db51f000 	C:\Users\jongm\anaconda3\envs\tensorflow\lib\site-packages\pandas\_libs\tslibs\timestamps.cp37-win_amd64.pyd
0x00007ff8db7f0000 - 0x00007ff8db82c000 	C:\Users\jongm\anaconda3\envs\tensorflow\lib\site-packages\pandas\_libs\tslibs\fields.cp37-win_amd64.pyd
0x00007ff8db300000 - 0x00007ff8db34d000 	C:\Users\jongm\anaconda3\envs\tensorflow\lib\site-packages\pandas\_libs\tslibs\strptime.cp37-win_amd64.pyd
0x00007ff8f1820000 - 0x00007ff8f1833000 	C:\Users\jongm\anaconda3\envs\tensorflow\lib\site-packages\pandas\_libs\properties.cp37-win_amd64.pyd
0x00007ff8d50c0000 - 0x00007ff8d5119000 	C:\Users\jongm\anaconda3\envs\tensorflow\lib\site-packages\pandas\_libs\tslibs\period.cp37-win_amd64.pyd
0x00007ff8d5040000 - 0x00007ff8d5074000 	C:\Users\jongm\anaconda3\envs\tensorflow\lib\site-packages\pandas\_libs\tslibs\vectorized.cp37-win_amd64.pyd
0x00007ff8f16a0000 - 0x00007ff8f16b2000 	C:\Users\jongm\anaconda3\envs\tensorflow\lib\site-packages\pandas\_libs\ops_dispatch.cp37-win_amd64.pyd
0x00007ff8d38e0000 - 0x00007ff8d3a0f000 	C:\Users\jongm\anaconda3\envs\tensorflow\lib\site-packages\pandas\_libs\algos.cp37-win_amd64.pyd
0x00007ff8d3870000 - 0x00007ff8d38df000 	C:\Users\jongm\anaconda3\envs\tensorflow\lib\site-packages\pandas\_libs\lib.cp37-win_amd64.pyd
0x00007ff8f1520000 - 0x00007ff8f1546000 	C:\Users\jongm\anaconda3\envs\tensorflow\lib\site-packages\pandas\_libs\tslib.cp37-win_amd64.pyd
0x00007ff8f12d0000 - 0x00007ff8f12fb000 	C:\Users\jongm\anaconda3\envs\tensorflow\lib\site-packages\pandas\_libs\hashing.cp37-win_amd64.pyd
0x00007ff8d35a0000 - 0x00007ff8d35d2000 	C:\Users\jongm\anaconda3\envs\tensorflow\lib\site-packages\pandas\_libs\ops.cp37-win_amd64.pyd
0x00007ff8d34a0000 - 0x00007ff8d3513000 	C:\Users\jongm\anaconda3\envs\tensorflow\lib\site-packages\pandas\_libs\index.cp37-win_amd64.pyd
0x00007ff8caf60000 - 0x00007ff8cb132000 	C:\Users\jongm\anaconda3\envs\tensorflow\lib\site-packages\pandas\_libs\join.cp37-win_amd64.pyd
0x00007ff8d33d0000 - 0x00007ff8d3496000 	C:\Users\jongm\anaconda3\envs\tensorflow\lib\site-packages\pandas\_libs\sparse.cp37-win_amd64.pyd
0x00007ff8d3390000 - 0x00007ff8d33cc000 	C:\Users\jongm\anaconda3\envs\tensorflow\lib\site-packages\pandas\_libs\reshape.cp37-win_amd64.pyd
0x00007ff8fff70000 - 0x00007ff8fff80000 	C:\Users\jongm\anaconda3\envs\tensorflow\lib\site-packages\pandas\_libs\indexing.cp37-win_amd64.pyd
0x00007ff8ce160000 - 0x00007ff8ce191000 	C:\Users\jongm\anaconda3\envs\tensorflow\lib\site-packages\pandas\_libs\writers.cp37-win_amd64.pyd
0x00007ff8ce120000 - 0x00007ff8ce158000 	C:\Users\jongm\anaconda3\envs\tensorflow\lib\site-packages\pandas\_libs\internals.cp37-win_amd64.pyd
0x00007ff8ce0c0000 - 0x00007ff8ce116000 	C:\Users\jongm\anaconda3\envs\tensorflow\lib\site-packages\pandas\_libs\window\aggregations.cp37-win_amd64.pyd
0x00007ff91c4e0000 - 0x00007ff91c571000 	C:\windows\SYSTEM32\MSVCP140.dll
0x00007ff91c4d0000 - 0x00007ff91c4dc000 	C:\windows\SYSTEM32\VCRUNTIME140_1.dll
0x00007ff8f05c0000 - 0x00007ff8f05e9000 	C:\Users\jongm\anaconda3\envs\tensorflow\lib\site-packages\pandas\_libs\window\indexers.cp37-win_amd64.pyd
0x00007ff8cdb20000 - 0x00007ff8cdc03000 	C:\Users\jongm\anaconda3\envs\tensorflow\lib\site-packages\pandas\_libs\groupby.cp37-win_amd64.pyd
0x00007ff8ce070000 - 0x00007ff8ce0b4000 	C:\Users\jongm\anaconda3\envs\tensorflow\lib\site-packages\pandas\_libs\reduction.cp37-win_amd64.pyd
0x00007ff8cbe50000 - 0x00007ff8cbeba000 	C:\Users\jongm\anaconda3\envs\tensorflow\lib\site-packages\pandas\_libs\parsers.cp37-win_amd64.pyd
0x00007ff8f0980000 - 0x00007ff8f0995000 	C:\Users\jongm\anaconda3\envs\tensorflow\lib\site-packages\pandas\_libs\json.cp37-win_amd64.pyd
0x00007ff8d5020000 - 0x00007ff8d5036000 	C:\Users\jongm\anaconda3\envs\tensorflow\lib\site-packages\pandas\_libs\testing.cp37-win_amd64.pyd
0x00007ff8ffe90000 - 0x00007ff8ffe99000 	C:\Users\jongm\anaconda3\envs\tensorflow\DLLs\_queue.pyd
0x00007ff8cdae0000 - 0x00007ff8cdb20000 	C:\Users\jongm\anaconda3\envs\tensorflow\lib\site-packages\torch\lib\asmjit.dll
0x00007ff8caf00000 - 0x00007ff8caf5c000 	C:\Users\jongm\anaconda3\envs\tensorflow\lib\site-packages\torch\lib\c10.dll
0x00007ff92a260000 - 0x00007ff92a454000 	C:\windows\SYSTEM32\dbghelp.dll
0x00007ff8caeb0000 - 0x00007ff8caef2000 	C:\Users\jongm\anaconda3\envs\tensorflow\lib\site-packages\torch\lib\c10_cuda.dll
0x00007ff8b0710000 - 0x00007ff8b1c2f000 	C:\Users\jongm\anaconda3\envs\tensorflow\lib\site-packages\torch\lib\caffe2_detectron_ops_gpu.dll
0x00007ff8c6790000 - 0x00007ff8c699f000 	C:\Users\jongm\anaconda3\envs\tensorflow\Library\bin\libiomp5md.dll
0x00007ff8a54d0000 - 0x00007ff8b0707000 	C:\Users\jongm\anaconda3\envs\tensorflow\lib\site-packages\torch\lib\torch_cpu.dll
0x00007ff859550000 - 0x00007ff8889ef000 	C:\Users\jongm\anaconda3\envs\tensorflow\lib\site-packages\torch\lib\torch_cuda.dll
0x00007ff8a51a0000 - 0x00007ff8a54c8000 	C:\Users\jongm\anaconda3\envs\tensorflow\lib\site-packages\torch\lib\fbgemm.dll

VM Arguments:
jvm_args: -Dfile.encoding=UTF8 -ea -Xmx1024m 
java_command: <unknown>
java_class_path (initial): C:\Users\jongm\anaconda3\envs\tensorflow\lib\site-packages\konlpy\java;C:\Users\jongm\anaconda3\envs\tensorflow\lib\site-packages\konlpy\java\bin;C:\Users\jongm\anaconda3\envs\tensorflow\lib\site-packages\konlpy\java\*;C:\Users\jongm\anaconda3\envs\tensorflow\lib\site-packages\konlpy\java\jhannanum-0.8.4.jar;C:\Users\jongm\anaconda3\envs\tensorflow\lib\site-packages\konlpy\java\kkma-2.0.jar;C:\Users\jongm\anaconda3\envs\tensorflow\lib\site-packages\konlpy\java\aho-corasick.jar;C:\Users\jongm\anaconda3\envs\tensorflow\lib\site-packages\konlpy\java\shineware-common-1.0.jar;C:\Users\jongm\anaconda3\envs\tensorflow\lib\site-packages\konlpy\java\shineware-ds-1.0.jar;C:\Users\jongm\anaconda3\envs\tensorflow\lib\site-packages\konlpy\java\komoran-3.0.jar;C:\Users\jongm\anaconda3\envs\tensorflow\lib\site-packages\konlpy\java\snakeyaml-1.12.jar;C:\Users\jongm\anaconda3\envs\tensorflow\lib\site-packages\konlpy\java\scala-library-2.12.3.jar;C:\Users\jongm\anaconda3\envs\tensorflow\lib\site-packages\konlpy\java\open-korean-text-2.1.0.jar;C:\Users\jongm\anaconda3\envs\tensorflow\lib\site-packages\konlpy\java\twitter-text-1.14.7.jar;C:\Users\jongm\anaconda3\envs\tensorflow\lib\site-packages\konlpy\java\*
Launcher Type: generic

Environment Variables:
JAVA_HOME=C:\Program Files\Java\jdk1.8.0_261;C:\Program Files\Java\jre1.8.0_261;
PATH=C:\Users\jongm\anaconda3\envs\tensorflow;C:\Users\jongm\anaconda3\envs\tensorflow\Library\mingw-w64\bin;C:\Users\jongm\anaconda3\envs\tensorflow\Library\usr\bin;C:\Users\jongm\anaconda3\envs\tensorflow\Library\bin;C:\Users\jongm\anaconda3\envs\tensorflow\Scripts;C:\Users\jongm\anaconda3\envs\tensorflow\bin;C:\Users\jongm\anaconda3\condabin;C:\Program Files (x86)\Common Files\Oracle\Java\javapath;C:\windows\system32;C:\windows;C:\windows\System32\Wbem;C:\windows\System32\WindowsPowerShell\v1.0;C:\windows\System32\OpenSSH;C:\Program Files\Intel\WiFi\bin;C:\Program Files\Common Files\Intel\WirelessCommon;C:\Program Files (x86)\Microsoft SDKs\F#\4.1\Framework\v4.0;C:\Users\jongm\anaconda3;C:\Users\jongm\anaconda3\Scripts;C:\Users\jongm\anaconda3\Library\bin;C:\Users\jongm\anaconda3\Library\mingw-w64\bin;C:\Program Files\Git\cmd;C:\Users\jongm\SBAprojects;C:\Program Files\nodejs;C:\Program Files\MariaDB 10.5\bin;C:\Users\jongm\anaconda3\envs\tensorflow;C:\Users\jongm\anaconda3\envs\tensorflow\Lib;C:\Program Files (x86)\Windows Kits\8.1\Windows Performance Toolkit;C:\Users\jongm\AppData\Local\Microsoft\WindowsApps;C:\Users\jongm\AppData\Local\Programs\Microsoft VS Code\bin;C:\Users\jongm\AppData\Roaming\npm;C:\Users\jongm\anaconda3\envs\tensorflow\lib\site-packages\numpy\.libs;C:\Users\jongm\anaconda3\envs\tensorflow\lib\site-packages\scipy\.libs
USERNAME=jongm
OS=Windows_NT
PROCESSOR_IDENTIFIER=Intel64 Family 6 Model 142 Stepping 12, GenuineIntel



---------------  S Y S T E M  ---------------

OS: Windows 10.0 , 64 bit Build 18362 (10.0.18362.1110)

CPU:total 4 (initial active 4) (2 cores per cpu, 2 threads per core) family 6 model 142 stepping 12, cmov, cx8, fxsr, mmx, sse, sse2, sse3, ssse3, sse4.1, sse4.2, popcnt, avx, avx2, aes, clmul, erms, 3dnowpref, lzcnt, ht, tsc, tscinvbit, bmi1, bmi2, adx

Memory: 4k page, physical 8194712k(1820088k free), swap 59394712k(39925900k free)

vm_info: Java HotSpot(TM) 64-Bit Server VM (25.261-b12) for windows-amd64 JRE (1.8.0_261-b12), built on Jun 18 2020 06:56:32 by "" with unknown MS VC++:1916

time: Thu Dec 17 21:07:40 2020
timezone: ¢¥eCN©öI¡¾©ö C¡ÍA¨ª¨öA
elapsed time: 93 seconds (0d 0h 1m 33s)

