#
# A fatal error has been detected by the Java Runtime Environment:
#
#  Internal Error (os_windows_x86.cpp:144), pid=15264, tid=0x0000000000002294
#  guarantee(result == EXCEPTION_CONTINUE_EXECUTION) failed: Unexpected result from topLevelExceptionFilter
#
# JRE version: Java(TM) SE Runtime Environment (8.0_261-b12) (build 1.8.0_261-b12)
# Java VM: Java HotSpot(TM) 64-Bit Server VM (25.261-b12 mixed mode windows-amd64 compressed oops)
# Failed to write core dump. Minidumps are not enabled by default on client versions of Windows
#
# If you would like to submit a bug report, please visit:
#   http://bugreport.java.com/bugreport/crash.jsp
# The crash happened outside the Java Virtual Machine in native code.
# See problematic frame for where to report the bug.
#

---------------  T H R E A D  ---------------

Current thread (0x000001c6b020a800):  JavaThread "Python Reference Queue" daemon [_thread_in_native, id=8852, stack(0x00000043f90e0000,0x00000043f92d0000)]

Stack: [0x00000043f90e0000,0x00000043f92d0000]
Native frames: (J=compiled Java code, j=interpreted, Vv=VM code, C=native code)
C  0x000000007568e5f9
C  0x00000000755d50e2
C  0x00000000755d5d8d
C  0x00000000755cc817
C  0x000000007568e27c
C  [ntdll.dll+0xa184f]
C  [ntdll.dll+0x6a889]
C  [ntdll.dll+0xa04be]
C  0x00007ff8ad2a735d
C  0x00007ff8ad2a7392
C  0x00007ff8ad1d3884
C  0x00007ff8ad1d6393
C  0x00007ff8ad4e432c
C  [python37.dll+0x370cd]
C  [python37.dll+0x351a6]
C  [python37.dll+0x37039]
C  [python37.dll+0x613ab]
C  [python37.dll+0x2f9b]
C  [python37.dll+0x3420]
C  [python37.dll+0x2c7c]
C  [python37.dll+0x1bb7]
C  0x00007ff8ad13bef0
C  0x000001c6b1edfe9a

Java frames: (J=compiled Java code, j=interpreted, Vv=VM code)
J 3511  org.jpype.ref.JPypeReferenceQueue.wake(J)V (0 bytes) @ 0x000001c6b1edfe01 [0x000001c6b1edfdc0+0x41]
j  org.jpype.ref.JPypeReferenceQueue$Worker.run()V+49
j  java.lang.Thread.run()V+11
v  ~StubRoutines::call_stub

---------------  P R O C E S S  ---------------

Java Threads: ( => current thread )
  0x000001c6c71af800 JavaThread "Thread-0" [_thread_blocked, id=14680, stack(0x00000043f6ff0000,0x00000043f71e0000)]
=>0x000001c6b020a800 JavaThread "Python Reference Queue" daemon [_thread_in_native, id=8852, stack(0x00000043f90e0000,0x00000043f92d0000)]
  0x000001c6b01f5800 JavaThread "Service Thread" daemon [_thread_blocked, id=18424, stack(0x00000043f8d00000,0x00000043f8ef0000)]
  0x000001c6a90d7000 JavaThread "C1 CompilerThread2" daemon [_thread_blocked, id=10332, stack(0x00000043f8b10000,0x00000043f8d00000)]
  0x000001c6a90d1000 JavaThread "C2 CompilerThread1" daemon [_thread_blocked, id=11976, stack(0x00000043f8920000,0x00000043f8b10000)]
  0x000001c6b00ee800 JavaThread "C2 CompilerThread0" daemon [_thread_blocked, id=17036, stack(0x00000043f8730000,0x00000043f8920000)]
  0x000001c6b00ee000 JavaThread "Attach Listener" daemon [_thread_blocked, id=14668, stack(0x00000043f8540000,0x00000043f8730000)]
  0x000001c6b00ed800 JavaThread "Signal Dispatcher" daemon [_thread_blocked, id=2688, stack(0x00000043f8350000,0x00000043f8540000)]
  0x000001c6b007f000 JavaThread "Finalizer" daemon [_thread_blocked, id=17504, stack(0x00000043f8160000,0x00000043f8350000)]
  0x000001c6afcc2000 JavaThread "Reference Handler" daemon [_thread_blocked, id=10960, stack(0x00000043f7f70000,0x00000043f8160000)]
  0x000001c6afcc7800 JavaThread "main" [_thread_blocked, id=12440, stack(0x00000043f6e00000,0x00000043f6ff0000)]

Other Threads:
  0x000001c6afe46800 VMThread [stack: 0x00000043f7d80000,0x00000043f7f70000] [id=15236]
  0x000001c6b0146000 WatcherThread [stack: 0x00000043f8ef0000,0x00000043f90e0000] [id=12400]

VM state:not at safepoint (normal execution)

VM Mutex/Monitor currently owned by a thread: None

heap address: 0x00000000c0000000, size: 1024 MB, Compressed Oops mode: 32-bit
Narrow klass base: 0x0000000000000000, Narrow klass shift: 3
Compressed class space size: 1073741824 Address: 0x0000000100000000

Heap:
 PSYoungGen      total 39936K, used 1573K [0x00000000eab00000, 0x00000000f7b00000, 0x0000000100000000)
  eden space 39424K, 3% used [0x00000000eab00000,0x00000000eac895a8,0x00000000ed180000)
  from space 512K, 0% used [0x00000000f7a80000,0x00000000f7a80000,0x00000000f7b00000)
  to   space 512K, 0% used [0x00000000f7a00000,0x00000000f7a00000,0x00000000f7a80000)
 ParOldGen       total 86016K, used 72497K [0x00000000c0000000, 0x00000000c5400000, 0x00000000eab00000)
  object space 86016K, 84% used [0x00000000c0000000,0x00000000c46cc750,0x00000000c5400000)
 Metaspace       used 13960K, capacity 14580K, committed 14848K, reserved 1062912K
  class space    used 2085K, capacity 2249K, committed 2304K, reserved 1048576K

Card table byte_map: [0x000001c6c0cb0000,0x000001c6c0ec0000] byte_map_base: 0x000001c6c06b0000

Marking Bits: (ParMarkBitMap*) 0x0000000075b44fb0
 Begin Bits: [0x000001c6c1020000, 0x000001c6c2020000)
 End Bits:   [0x000001c6c2020000, 0x000001c6c3020000)

Polling page: 0x000001c6b18c0000

CodeCache: size=245760Kb used=9577Kb max_used=9954Kb free=236182Kb
 bounds [0x000001c6b18f0000, 0x000001c6b22f0000, 0x000001c6c08f0000]
 total_blobs=3274 nmethods=2904 adapters=282
 compilation: enabled

Compilation events (10 events):
Event: 125.057 Thread 0x000001c6a90d7000 3522       3       java.util.TimSort::mergeLo (659 bytes)
Event: 125.058 Thread 0x000001c6a90d7000 nmethod 3522 0x000001c6b22ce590 code [0x000001c6b22ce8c0, 0x000001c6b22d0a60]
Event: 158.500 Thread 0x000001c6a90d1000 3523       4       java.util.TimSort::mergeLo (659 bytes)
Event: 158.518 Thread 0x000001c6a90d1000 nmethod 3523 0x000001c6b21e3b90 code [0x000001c6b21e3d40, 0x000001c6b21e52a8]
Event: 255.626 Thread 0x000001c6b00ee800 3524       4       java.lang.ref.ReferenceQueue::reallyPoll (65 bytes)
Event: 255.627 Thread 0x000001c6b00ee800 nmethod 3524 0x000001c6b21aeb10 code [0x000001c6b21aec40, 0x000001c6b21aed78]
Event: 282.261 Thread 0x000001c6a90d1000 3525   !   4       java.lang.ref.Reference::tryHandlePending (115 bytes)
Event: 282.267 Thread 0x000001c6a90d1000 nmethod 3525 0x000001c6b1e0ee10 code [0x000001c6b1e0efe0, 0x000001c6b1e0fde0]
Event: 289.105 Thread 0x000001c6b00ee800 3526       4       scala.collection.immutable.HashMap$HashMapCollision1::get0 (21 bytes)
Event: 289.107 Thread 0x000001c6b00ee800 nmethod 3526 0x000001c6b1dd80d0 code [0x000001c6b1dd8260, 0x000001c6b1dd8528]

GC Heap History (10 events):
Event: 365.503 GC heap before
{Heap before GC invocations=2416 (full 30):
 PSYoungGen      total 39936K, used 64K [0x00000000eab00000, 0x00000000f7b00000, 0x0000000100000000)
  eden space 39424K, 0% used [0x00000000eab00000,0x00000000eab00000,0x00000000ed180000)
  from space 512K, 12% used [0x00000000f7a80000,0x00000000f7a90000,0x00000000f7b00000)
  to   space 512K, 0% used [0x00000000f7a00000,0x00000000f7a00000,0x00000000f7a80000)
 ParOldGen       total 86016K, used 72497K [0x00000000c0000000, 0x00000000c5400000, 0x00000000eab00000)
  object space 86016K, 84% used [0x00000000c0000000,0x00000000c46cc750,0x00000000c5400000)
 Metaspace       used 13947K, capacity 14580K, committed 14848K, reserved 1062912K
  class space    used 2083K, capacity 2249K, committed 2304K, reserved 1048576K
Event: 365.599 GC heap after
Heap after GC invocations=2416 (full 30):
 PSYoungGen      total 39936K, used 0K [0x00000000eab00000, 0x00000000f7b00000, 0x0000000100000000)
  eden space 39424K, 0% used [0x00000000eab00000,0x00000000eab00000,0x00000000ed180000)
  from space 512K, 0% used [0x00000000f7a80000,0x00000000f7a80000,0x00000000f7b00000)
  to   space 512K, 0% used [0x00000000f7a00000,0x00000000f7a00000,0x00000000f7a80000)
 ParOldGen       total 86016K, used 72497K [0x00000000c0000000, 0x00000000c5400000, 0x00000000eab00000)
  object space 86016K, 84% used [0x00000000c0000000,0x00000000c46cc750,0x00000000c5400000)
 Metaspace       used 13947K, capacity 14580K, committed 14848K, reserved 1062912K
  class space    used 2083K, capacity 2249K, committed 2304K, reserved 1048576K
}
Event: 533.180 GC heap before
{Heap before GC invocations=2417 (full 30):
 PSYoungGen      total 39936K, used 2K [0x00000000eab00000, 0x00000000f7b00000, 0x0000000100000000)
  eden space 39424K, 0% used [0x00000000eab00000,0x00000000eab00810,0x00000000ed180000)
  from space 512K, 0% used [0x00000000f7a80000,0x00000000f7a80000,0x00000000f7b00000)
  to   space 512K, 0% used [0x00000000f7a00000,0x00000000f7a00000,0x00000000f7a80000)
 ParOldGen       total 86016K, used 72497K [0x00000000c0000000, 0x00000000c5400000, 0x00000000eab00000)
  object space 86016K, 84% used [0x00000000c0000000,0x00000000c46cc750,0x00000000c5400000)
 Metaspace       used 13947K, capacity 14580K, committed 14848K, reserved 1062912K
  class space    used 2083K, capacity 2249K, committed 2304K, reserved 1048576K
Event: 533.181 GC heap after
Heap after GC invocations=2417 (full 30):
 PSYoungGen      total 39936K, used 64K [0x00000000eab00000, 0x00000000f7b00000, 0x0000000100000000)
  eden space 39424K, 0% used [0x00000000eab00000,0x00000000eab00000,0x00000000ed180000)
  from space 512K, 12% used [0x00000000f7a00000,0x00000000f7a10000,0x00000000f7a80000)
  to   space 512K, 0% used [0x00000000f7a80000,0x00000000f7a80000,0x00000000f7b00000)
 ParOldGen       total 86016K, used 72497K [0x00000000c0000000, 0x00000000c5400000, 0x00000000eab00000)
  object space 86016K, 84% used [0x00000000c0000000,0x00000000c46cc750,0x00000000c5400000)
 Metaspace       used 13947K, capacity 14580K, committed 14848K, reserved 1062912K
  class space    used 2083K, capacity 2249K, committed 2304K, reserved 1048576K
}
Event: 533.181 GC heap before
{Heap before GC invocations=2418 (full 31):
 PSYoungGen      total 39936K, used 64K [0x00000000eab00000, 0x00000000f7b00000, 0x0000000100000000)
  eden space 39424K, 0% used [0x00000000eab00000,0x00000000eab00000,0x00000000ed180000)
  from space 512K, 12% used [0x00000000f7a00000,0x00000000f7a10000,0x00000000f7a80000)
  to   space 512K, 0% used [0x00000000f7a80000,0x00000000f7a80000,0x00000000f7b00000)
 ParOldGen       total 86016K, used 72497K [0x00000000c0000000, 0x00000000c5400000, 0x00000000eab00000)
  object space 86016K, 84% used [0x00000000c0000000,0x00000000c46cc750,0x00000000c5400000)
 Metaspace       used 13947K, capacity 14580K, committed 14848K, reserved 1062912K
  class space    used 2083K, capacity 2249K, committed 2304K, reserved 1048576K
Event: 533.278 GC heap after
Heap after GC invocations=2418 (full 31):
 PSYoungGen      total 39936K, used 0K [0x00000000eab00000, 0x00000000f7b00000, 0x0000000100000000)
  eden space 39424K, 0% used [0x00000000eab00000,0x00000000eab00000,0x00000000ed180000)
  from space 512K, 0% used [0x00000000f7a00000,0x00000000f7a00000,0x00000000f7a80000)
  to   space 512K, 0% used [0x00000000f7a80000,0x00000000f7a80000,0x00000000f7b00000)
 ParOldGen       total 86016K, used 72497K [0x00000000c0000000, 0x00000000c5400000, 0x00000000eab00000)
  object space 86016K, 84% used [0x00000000c0000000,0x00000000c46cc750,0x00000000c5400000)
 Metaspace       used 13947K, capacity 14580K, committed 14848K, reserved 1062912K
  class space    used 2083K, capacity 2249K, committed 2304K, reserved 1048576K
}
Event: 621.742 GC heap before
{Heap before GC invocations=2419 (full 31):
 PSYoungGen      total 39936K, used 2K [0x00000000eab00000, 0x00000000f7b00000, 0x0000000100000000)
  eden space 39424K, 0% used [0x00000000eab00000,0x00000000eab00810,0x00000000ed180000)
  from space 512K, 0% used [0x00000000f7a00000,0x00000000f7a00000,0x00000000f7a80000)
  to   space 512K, 0% used [0x00000000f7a80000,0x00000000f7a80000,0x00000000f7b00000)
 ParOldGen       total 86016K, used 72497K [0x00000000c0000000, 0x00000000c5400000, 0x00000000eab00000)
  object space 86016K, 84% used [0x00000000c0000000,0x00000000c46cc750,0x00000000c5400000)
 Metaspace       used 13947K, capacity 14580K, committed 14848K, reserved 1062912K
  class space    used 2083K, capacity 2249K, committed 2304K, reserved 1048576K
Event: 621.743 GC heap after
Heap after GC invocations=2419 (full 31):
 PSYoungGen      total 39936K, used 64K [0x00000000eab00000, 0x00000000f7b00000, 0x0000000100000000)
  eden space 39424K, 0% used [0x00000000eab00000,0x00000000eab00000,0x00000000ed180000)
  from space 512K, 12% used [0x00000000f7a80000,0x00000000f7a90000,0x00000000f7b00000)
  to   space 512K, 0% used [0x00000000f7a00000,0x00000000f7a00000,0x00000000f7a80000)
 ParOldGen       total 86016K, used 72497K [0x00000000c0000000, 0x00000000c5400000, 0x00000000eab00000)
  object space 86016K, 84% used [0x00000000c0000000,0x00000000c46cc750,0x00000000c5400000)
 Metaspace       used 13947K, capacity 14580K, committed 14848K, reserved 1062912K
  class space    used 2083K, capacity 2249K, committed 2304K, reserved 1048576K
}
Event: 621.743 GC heap before
{Heap before GC invocations=2420 (full 32):
 PSYoungGen      total 39936K, used 64K [0x00000000eab00000, 0x00000000f7b00000, 0x0000000100000000)
  eden space 39424K, 0% used [0x00000000eab00000,0x00000000eab00000,0x00000000ed180000)
  from space 512K, 12% used [0x00000000f7a80000,0x00000000f7a90000,0x00000000f7b00000)
  to   space 512K, 0% used [0x00000000f7a00000,0x00000000f7a00000,0x00000000f7a80000)
 ParOldGen       total 86016K, used 72497K [0x00000000c0000000, 0x00000000c5400000, 0x00000000eab00000)
  object space 86016K, 84% used [0x00000000c0000000,0x00000000c46cc750,0x00000000c5400000)
 Metaspace       used 13947K, capacity 14580K, committed 14848K, reserved 1062912K
  class space    used 2083K, capacity 2249K, committed 2304K, reserved 1048576K
Event: 621.835 GC heap after
Heap after GC invocations=2420 (full 32):
 PSYoungGen      total 39936K, used 0K [0x00000000eab00000, 0x00000000f7b00000, 0x0000000100000000)
  eden space 39424K, 0% used [0x00000000eab00000,0x00000000eab00000,0x00000000ed180000)
  from space 512K, 0% used [0x00000000f7a80000,0x00000000f7a80000,0x00000000f7b00000)
  to   space 512K, 0% used [0x00000000f7a00000,0x00000000f7a00000,0x00000000f7a80000)
 ParOldGen       total 86016K, used 72497K [0x00000000c0000000, 0x00000000c5400000, 0x00000000eab00000)
  object space 86016K, 84% used [0x00000000c0000000,0x00000000c46cc750,0x00000000c5400000)
 Metaspace       used 13947K, capacity 14580K, committed 14848K, reserved 1062912K
  class space    used 2083K, capacity 2249K, committed 2304K, reserved 1048576K
}

Deoptimization events (10 events):
Event: 19.383 Thread 0x000001c6afcc7800 Uncommon trap: reason=unstable_if action=reinterpret pc=0x000001c6b22b695c method=org.openkoreantext.processor.util.KoreanSubstantive$.isName(Ljava/lang/CharSequence;)Z @ 49
Event: 33.957 Thread 0x000001c6afcc7800 Uncommon trap: reason=bimorphic action=maybe_recompile pc=0x000001c6b1e02548 method=scala.collection.SeqLike.sorted(Lscala/math/Ordering;)Ljava/lang/Object; @ 1
Event: 33.957 Thread 0x000001c6afcc7800 Uncommon trap: reason=class_check action=maybe_recompile pc=0x000001c6b1e8fb34 method=org.openkoreantext.processor.tokenizer.KoreanTokenizer$.$anonfun$findTopCandidates$2(Lorg/openkoreantext/processor/tokenizer/KoreanTokenizer$;Lorg/openkoreantext/process
Event: 33.957 Thread 0x000001c6afcc7800 Uncommon trap: reason=class_check action=maybe_recompile pc=0x000001c6b1f35bf8 method=scala.collection.immutable.List.take(I)Lscala/collection/immutable/List; @ 1
Event: 33.958 Thread 0x000001c6afcc7800 Uncommon trap: reason=class_check action=maybe_recompile pc=0x000001c6b21473fc method=scala.collection.immutable.List.$plus$plus(Lscala/collection/GenTraversableOnce;Lscala/collection/generic/CanBuildFrom;)Ljava/lang/Object; @ 11
Event: 33.958 Thread 0x000001c6afcc7800 Uncommon trap: reason=class_check action=maybe_recompile pc=0x000001c6b1cce44c method=scala.collection.immutable.List.$colon$colon$colon(Lscala/collection/immutable/List;)Lscala/collection/immutable/List; @ 1
Event: 39.003 Thread 0x000001c6afcc7800 Uncommon trap: reason=unstable_if action=reinterpret pc=0x000001c6b1fb1edc method=org.openkoreantext.processor.tokenizer.ParsedChunk.$anonfun$josaMismatched$1(Lscala/collection/Seq;)Z @ 322
Event: 50.564 Thread 0x000001c6afcc7800 Uncommon trap: reason=bimorphic action=maybe_recompile pc=0x000001c6b1e02548 method=scala.collection.SeqLike.sorted(Lscala/math/Ordering;)Ljava/lang/Object; @ 1
Event: 124.559 Thread 0x000001c6afcc7800 Uncommon trap: reason=unstable_if action=reinterpret pc=0x000001c6b22d8a44 method=java.util.TimSort.mergeLo(IIII)V @ 487
Event: 630.619 Thread 0x000001c6c71af800 Uncommon trap: reason=unstable_if action=reinterpret pc=0x000001c6b1a1e7ec method=java.util.HashMap$HashIterator.nextNode()Ljava/util/HashMap$Node; @ 53

Classes redefined (0 events):
No events

Internal exceptions (10 events):
Event: 5.899 Thread 0x000001c6afcc7800 Exception <a 'java/lang/NoSuchMethodError': java.lang.Object.$anonfun$sliding$1(Lscala/collection/IterableLike;Lscala/collection/Seq;)Ljava/lang/Object;> (0x00000000ec881310) thrown at [C:\jenkins\workspace\8-2-build-windows-amd64-cygwin\jdk8u261\295\hots
Event: 5.905 Thread 0x000001c6afcc7800 Exception <a 'java/lang/NoSuchMethodError': java.lang.Object.$anonfun$sum$1(Lscala/math/Numeric;Ljava/lang/Object;Ljava/lang/Object;)Ljava/lang/Object;> (0x00000000ec8ca568) thrown at [C:\jenkins\workspace\8-2-build-windows-amd64-cygwin\jdk8u261\295\hotsp
Event: 5.916 Thread 0x000001c6afcc7800 Exception <a 'java/lang/NoSuchMethodError': java.lang.Object.$anonfun$releaseVersion$1$adapted(Ljava/lang/String;)Ljava/lang/Object;> (0x00000000ec905a88) thrown at [C:\jenkins\workspace\8-2-build-windows-amd64-cygwin\jdk8u261\295\hotspot\src\share\vm\int
Event: 5.917 Thread 0x000001c6afcc7800 Exception <a 'java/lang/NoSuchMethodError': java.lang.Object.$anonfun$releaseVersion$2(Ljava/lang/String;)Ljava/lang/String;> (0x00000000ec910460) thrown at [C:\jenkins\workspace\8-2-build-windows-amd64-cygwin\jdk8u261\295\hotspot\src\share\vm\interpreter
Event: 5.917 Thread 0x000001c6afcc7800 Exception <a 'java/lang/NoSuchMethodError': java.lang.Object.$anonfun$developmentVersion$1$adapted(Ljava/lang/String;)Ljava/lang/Object;> (0x00000000ec9145f8) thrown at [C:\jenkins\workspace\8-2-build-windows-amd64-cygwin\jdk8u261\295\hotspot\src\share\vm
Event: 5.918 Thread 0x000001c6afcc7800 Exception <a 'java/lang/NoSuchMethodError': java.lang.Object.$anonfun$developmentVersion$2(Lscala/util/PropertiesTrait;Ljava/lang/String;)Lscala/Option;> (0x00000000ec9964d8) thrown at [C:\jenkins\workspace\8-2-build-windows-amd64-cygwin\jdk8u261\295\hots
Event: 6.084 Thread 0x000001c6afcc7800 Exception <a 'java/lang/NoSuchMethodError': java.lang.Object.$anonfun$distinct$1(Lscala/collection/mutable/Builder;Lscala/collection/mutable/HashSet;Ljava/lang/Object;)Ljava/lang/Object;> (0x00000000eab4b840) thrown at [C:\jenkins\workspace\8-2-build-wind
Event: 6.351 Thread 0x000001c6afcc7800 Exception <a 'java/lang/NoSuchMethodError': java.lang.Object.$anonfun$addString$1(Lscala/collection/mutable/StringBuilder;Ljava/lang/String;Lscala/runtime/BooleanRef;Ljava/lang/Object;)Ljava/lang/Object;> (0x00000000ead84bc0) thrown at [C:\jenkins\workspa
Event: 8.462 Thread 0x000001c6afcc7800 Exception <a 'java/lang/NoSuchMethodError': java.lang.Object.$anonfun$filterImpl$1(Lscala/Function1;ZLscala/collection/mutable/Builder;Ljava/lang/Object;)Ljava/lang/Object;> (0x00000000eab61930) thrown at [C:\jenkins\workspace\8-2-build-windows-amd64-cygw
Event: 630.620 Thread 0x000001c6afcc7800 Exception <a 'java/lang/InterruptedException'> (0x00000000eab009f0) thrown at [C:\jenkins\workspace\8-2-build-windows-amd64-cygwin\jdk8u261\295\hotspot\src\share\vm\runtime\objectMonitor.cpp, line 1684]

Events (10 events):
Event: 630.610 loading class java/util/IdentityHashMap$KeyIterator
Event: 630.610 loading class java/util/IdentityHashMap$IdentityHashMapIterator
Event: 630.610 loading class java/util/IdentityHashMap$IdentityHashMapIterator done
Event: 630.610 loading class java/util/IdentityHashMap$KeyIterator done
Event: 630.610 Thread 0x000001c6c71af800 Thread added: 0x000001c6c71af800
Event: 630.619 Executing VM operation: ThreadDump
Event: 630.619 Executing VM operation: ThreadDump done
Event: 630.619 Thread 0x000001c6c71af800 Uncommon trap: trap_request=0xffffff65 fr.pc=0x000001c6b1a1e7ec
Event: 630.619 Thread 0x000001c6c71af800 DEOPT PACKING pc=0x000001c6b1a1e7ec sp=0x00000043f71df2e0
Event: 630.619 Thread 0x000001c6c71af800 DEOPT UNPACKING pc=0x000001c6b1935843 sp=0x00000043f71df278 mode 2


Dynamic libraries:
0x00007ff71de40000 - 0x00007ff71de5c000 	C:\Users\jongm\anaconda3\envs\tensorflow\python.exe
0x00007ff932360000 - 0x00007ff932550000 	C:\windows\SYSTEM32\ntdll.dll
0x00007ff931cc0000 - 0x00007ff931d72000 	C:\windows\System32\KERNEL32.DLL
0x00007ff92f730000 - 0x00007ff92f9d5000 	C:\windows\System32\KERNELBASE.dll
0x00007ff92f470000 - 0x00007ff92f56a000 	C:\windows\System32\ucrtbase.dll
0x00007ff8cddd0000 - 0x00007ff8ce193000 	C:\Users\jongm\anaconda3\envs\tensorflow\python37.dll
0x00007ff930d10000 - 0x00007ff930d62000 	C:\windows\System32\SHLWAPI.dll
0x00007ff9321e0000 - 0x00007ff93227e000 	C:\windows\System32\msvcrt.dll
0x00007ff931660000 - 0x00007ff931996000 	C:\windows\System32\combase.dll
0x00007ff931d80000 - 0x00007ff931ea0000 	C:\windows\System32\RPCRT4.dll
0x00007ff92f300000 - 0x00007ff92f381000 	C:\windows\System32\bcryptPrimitives.dll
0x00007ff9312d0000 - 0x00007ff9312f6000 	C:\windows\System32\GDI32.dll
0x00007ff92f2d0000 - 0x00007ff92f2f1000 	C:\windows\System32\win32u.dll
0x00007ff92f590000 - 0x00007ff92f726000 	C:\windows\System32\gdi32full.dll
0x00007ff930370000 - 0x00007ff93040e000 	C:\windows\System32\msvcp_win.dll
0x00007ff930b70000 - 0x00007ff930d04000 	C:\windows\System32\USER32.dll
0x00007ff9319a0000 - 0x00007ff931a0f000 	C:\windows\System32\WS2_32.dll
0x00007ff931a20000 - 0x00007ff931ac3000 	C:\windows\System32\ADVAPI32.dll
0x00007ff932280000 - 0x00007ff932317000 	C:\windows\System32\sechost.dll
0x00007ff917e00000 - 0x00007ff917e15000 	C:\Users\jongm\anaconda3\envs\tensorflow\VCRUNTIME140.dll
0x00007ff91f9a0000 - 0x00007ff91f9aa000 	C:\windows\SYSTEM32\VERSION.dll
0x00007ff930d70000 - 0x00007ff930d9e000 	C:\windows\System32\IMM32.DLL
0x00007ff92f570000 - 0x00007ff92f587000 	C:\windows\System32\CRYPTSP.dll
0x00007ff92e5c0000 - 0x00007ff92e5f3000 	C:\windows\system32\rsaenh.dll
0x00007ff92f3e0000 - 0x00007ff92f406000 	C:\windows\System32\bcrypt.dll
0x00007ff92ec20000 - 0x00007ff92ec2c000 	C:\windows\SYSTEM32\CRYPTBASE.dll
0x00007ff91add0000 - 0x00007ff91addf000 	C:\Users\jongm\anaconda3\envs\tensorflow\python3.DLL
0x00007ff917dd0000 - 0x00007ff917dd9000 	C:\Users\jongm\anaconda3\envs\tensorflow\lib\site-packages\markupsafe\_speedups.cp37-win_amd64.pyd
0x00007ff903a50000 - 0x00007ff903a68000 	C:\Users\jongm\anaconda3\envs\tensorflow\DLLs\_bz2.pyd
0x00007ff8fff70000 - 0x00007ff8fffa0000 	C:\Users\jongm\anaconda3\envs\tensorflow\DLLs\_lzma.pyd
0x00007ff90d730000 - 0x00007ff90d73d000 	C:\Users\jongm\anaconda3\envs\tensorflow\DLLs\_hashlib.pyd
0x0000000067e00000 - 0x00000000680ab000 	C:\Program Files\Git\mingw64\bin\libcrypto-1_1-x64.dll
0x00007ff8f6dd0000 - 0x00007ff8f6e14000 	C:\Users\jongm\anaconda3\envs\tensorflow\DLLs\_decimal.pyd
0x00007ff8d50e0000 - 0x00007ff8d51e8000 	C:\Users\jongm\anaconda3\envs\tensorflow\DLLs\unicodedata.pyd
0x00007ff8fd790000 - 0x00007ff8fd7a5000 	C:\Users\jongm\anaconda3\envs\tensorflow\DLLs\_socket.pyd
0x00007ff90cbd0000 - 0x00007ff90cbd9000 	C:\Users\jongm\anaconda3\envs\tensorflow\DLLs\select.pyd
0x00007ff8f9cf0000 - 0x00007ff8f9d0f000 	C:\Users\jongm\anaconda3\envs\tensorflow\DLLs\_ssl.pyd
0x00007ff92fa90000 - 0x00007ff92fbd9000 	C:\windows\System32\CRYPT32.dll
0x00007ff92f210000 - 0x00007ff92f222000 	C:\windows\System32\MSASN1.dll
0x000000006d480000 - 0x000000006d50d000 	C:\Program Files\Git\mingw64\bin\libssl-1_1-x64.dll
0x00007ff9075c0000 - 0x00007ff9075d0000 	C:\Users\jongm\anaconda3\envs\tensorflow\lib\site-packages\simplejson\_speedups.cp37-win_amd64.pyd
0x00007ff8f6da0000 - 0x00007ff8f6dc3000 	C:\Users\jongm\anaconda3\envs\tensorflow\DLLs\_ctypes.pyd
0x00007ff931f00000 - 0x00007ff932057000 	C:\windows\System32\ole32.dll
0x00007ff931bf0000 - 0x00007ff931cb5000 	C:\windows\System32\OLEAUT32.dll
0x00007ff930480000 - 0x00007ff930b67000 	C:\windows\System32\shell32.DLL
0x00007ff92f390000 - 0x00007ff92f3da000 	C:\windows\System32\cfgmgr32.dll
0x00007ff932130000 - 0x00007ff9321d9000 	C:\windows\System32\shcore.dll
0x00007ff92fbe0000 - 0x00007ff930361000 	C:\windows\System32\windows.storage.dll
0x00007ff92f2a0000 - 0x00007ff92f2c3000 	C:\windows\System32\profapi.dll
0x00007ff92f230000 - 0x00007ff92f27a000 	C:\windows\System32\powrprof.dll
0x00007ff92f200000 - 0x00007ff92f210000 	C:\windows\System32\UMPDC.dll
0x00007ff92f280000 - 0x00007ff92f291000 	C:\windows\System32\kernel.appcore.dll
0x00007ff904960000 - 0x00007ff904969000 	C:\Users\jongm\anaconda3\envs\tensorflow\lib\site-packages\sqlalchemy\cprocessors.cp37-win_amd64.pyd
0x00007ff9046c0000 - 0x00007ff9046c8000 	C:\Users\jongm\anaconda3\envs\tensorflow\lib\site-packages\sqlalchemy\cutils.cp37-win_amd64.pyd
0x00007ff904530000 - 0x00007ff90453a000 	C:\Users\jongm\anaconda3\envs\tensorflow\lib\site-packages\sqlalchemy\cresultproxy.cp37-win_amd64.pyd
0x00007ff904420000 - 0x00007ff904427000 	C:\Users\jongm\anaconda3\envs\tensorflow\lib\site-packages\mkl\_mklinit.cp37-win_amd64.pyd
0x00007ff8bc800000 - 0x00007ff8bd85d000 	C:\Users\jongm\anaconda3\envs\tensorflow\Library\bin\mkl_rt.dll
0x00007ff8f6b80000 - 0x00007ff8f6ba2000 	C:\Users\jongm\anaconda3\envs\tensorflow\lib\site-packages\mkl\_py_mkl_service.cp37-win_amd64.pyd
0x00007ff8cdb00000 - 0x00007ff8cddc8000 	C:\Users\jongm\anaconda3\envs\tensorflow\lib\site-packages\numpy\core\_multiarray_umath.cp37-win_amd64.pyd
0x00007ff8f6b60000 - 0x00007ff8f6b7f000 	C:\Users\jongm\anaconda3\envs\tensorflow\lib\site-packages\numpy\core\_multiarray_tests.cp37-win_amd64.pyd
0x00007ff904350000 - 0x00007ff904359000 	C:\Users\jongm\anaconda3\envs\tensorflow\lib\site-packages\numpy\linalg\lapack_lite.cp37-win_amd64.pyd
0x00007ff8f6b30000 - 0x00007ff8f6b5a000 	C:\Users\jongm\anaconda3\envs\tensorflow\lib\site-packages\numpy\linalg\_umath_linalg.cp37-win_amd64.pyd
0x00007ff8f6ae0000 - 0x00007ff8f6b00000 	C:\Users\jongm\anaconda3\envs\tensorflow\lib\site-packages\numpy\fft\_pocketfft_internal.cp37-win_amd64.pyd
0x00007ff8f3780000 - 0x00007ff8f380f000 	C:\Users\jongm\anaconda3\envs\tensorflow\lib\site-packages\numpy\random\mtrand.cp37-win_amd64.pyd
0x00007ff8f6980000 - 0x00007ff8f69aa000 	C:\Users\jongm\anaconda3\envs\tensorflow\lib\site-packages\numpy\random\bit_generator.cp37-win_amd64.pyd
0x00007ff8f20b0000 - 0x00007ff8f20e1000 	C:\Users\jongm\anaconda3\envs\tensorflow\lib\site-packages\numpy\random\_common.cp37-win_amd64.pyd
0x00007ff8f1fe0000 - 0x00007ff8f2020000 	C:\Users\jongm\anaconda3\envs\tensorflow\lib\site-packages\numpy\random\_bounded_integers.cp37-win_amd64.pyd
0x00007ff8f39a0000 - 0x00007ff8f39b8000 	C:\Users\jongm\anaconda3\envs\tensorflow\lib\site-packages\numpy\random\_mt19937.cp37-win_amd64.pyd
0x00007ff8f2550000 - 0x00007ff8f2567000 	C:\Users\jongm\anaconda3\envs\tensorflow\lib\site-packages\numpy\random\_philox.cp37-win_amd64.pyd
0x00007ff8f18c0000 - 0x00007ff8f18d5000 	C:\Users\jongm\anaconda3\envs\tensorflow\lib\site-packages\numpy\random\_pcg64.cp37-win_amd64.pyd
0x00007ff8f1860000 - 0x00007ff8f1872000 	C:\Users\jongm\anaconda3\envs\tensorflow\lib\site-packages\numpy\random\_sfc64.cp37-win_amd64.pyd
0x00007ff8f09c0000 - 0x00007ff8f0a64000 	C:\Users\jongm\anaconda3\envs\tensorflow\lib\site-packages\numpy\random\_generator.cp37-win_amd64.pyd
0x00007ff8b9a30000 - 0x00007ff8bc7fd000 	C:\Users\jongm\anaconda3\envs\tensorflow\Library\bin\mkl_intel_thread.dll
0x00007ff8b5290000 - 0x00007ff8b9a2a000 	C:\Users\jongm\anaconda3\envs\tensorflow\Library\bin\mkl_core.dll
0x00007ff8b2aa0000 - 0x00007ff8b5282000 	C:\Users\jongm\anaconda3\envs\tensorflow\Library\bin\mkl_avx2.dll
0x00007ff8b1c30000 - 0x00007ff8b2a9d000 	C:\Users\jongm\anaconda3\envs\tensorflow\Library\bin\mkl_vml_avx2.dll
0x00007ff8f1820000 - 0x00007ff8f1852000 	C:\Users\jongm\anaconda3\envs\tensorflow\DLLs\pyexpat.pyd
0x0000000075ca0000 - 0x0000000075cc4000 	C:\Users\jongm\anaconda3\envs\tensorflow\lib\site-packages\win32\win32api.pyd
0x0000000075c70000 - 0x0000000075c96000 	C:\Users\jongm\anaconda3\envs\tensorflow\lib\site-packages\win32\pywintypes37.dll
0x00007ff91cb00000 - 0x00007ff91cb0c000 	C:\windows\SYSTEM32\secur32.dll
0x00007ff92f110000 - 0x00007ff92f147000 	C:\windows\SYSTEM32\SSPICLI.DLL
0x0000000075c60000 - 0x0000000075c67000 	C:\Users\jongm\anaconda3\envs\tensorflow\lib\site-packages\win32\_win32sysloader.pyd
0x0000000075bc0000 - 0x0000000075c54000 	C:\Users\jongm\anaconda3\envs\tensorflow\Library\bin\pythoncom37.dll
0x00007ff929ea0000 - 0x00007ff929f39000 	C:\windows\system32\uxtheme.dll
0x00007ff90e010000 - 0x00007ff90e1e6000 	C:\windows\SYSTEM32\urlmon.dll
0x00007ff90fee0000 - 0x00007ff910187000 	C:\windows\SYSTEM32\iertutil.dll
0x00007ff8db310000 - 0x00007ff8db3ab000 	C:\Users\jongm\anaconda3\envs\tensorflow\msvcp140.dll
0x00007ff903a40000 - 0x00007ff903a49000 	C:\Users\jongm\anaconda3\envs\tensorflow\msvcp140_1.dll
0x00007ff85e300000 - 0x00007ff8889ed000 	C:\Users\jongm\anaconda3\envs\tensorflow\lib\site-packages\tensorflow\python\_pywrap_tensorflow_internal.pyd
0x00007ff931a10000 - 0x00007ff931a18000 	C:\windows\System32\Normaliz.dll
0x00007ff92f0e0000 - 0x00007ff92f105000 	C:\windows\SYSTEM32\USERENV.dll
0x00007ff92a260000 - 0x00007ff92a454000 	C:\windows\SYSTEM32\dbghelp.dll
0x00007ff91c4d0000 - 0x00007ff91c4dc000 	C:\windows\SYSTEM32\VCRUNTIME140_1.dll
0x00007ff8c6750000 - 0x00007ff8c6d7d000 	C:\Users\jongm\anaconda3\envs\tensorflow\lib\site-packages\tensorflow\python\_pywrap_tfe.pyd
0x00007ff8b1670000 - 0x00007ff8b1c2c000 	C:\Users\jongm\anaconda3\envs\tensorflow\lib\site-packages\tensorflow\python\_pywrap_tf_session.pyd
0x00007ff8f1520000 - 0x00007ff8f154e000 	C:\Users\jongm\anaconda3\envs\tensorflow\lib\site-packages\tensorflow\python\_tf_stack.pyd
0x00007ff8ffe90000 - 0x00007ff8ffe9e000 	C:\Users\jongm\anaconda3\envs\tensorflow\lib\site-packages\wrapt\_wrappers.cp37-win_amd64.pyd
0x00007ff8f16a0000 - 0x00007ff8f16bd000 	C:\Users\jongm\anaconda3\envs\tensorflow\lib\site-packages\tensorflow\python\_pywrap_utils.pyd
0x00007ff8d3be0000 - 0x00007ff8d3e5c000 	C:\Users\jongm\anaconda3\envs\tensorflow\lib\site-packages\tensorflow\python\_pywrap_py_exception_registry.pyd
0x00007ff8f12e0000 - 0x00007ff8f12f9000 	C:\Users\jongm\anaconda3\envs\tensorflow\lib\site-packages\tensorflow\python\_pywrap_bfloat16.pyd
0x00007ff8caf30000 - 0x00007ff8cb1ac000 	C:\Users\jongm\anaconda3\envs\tensorflow\lib\site-packages\tensorflow\python\_dtypes.pyd
0x00007ff8c7090000 - 0x00007ff8c73d0000 	C:\Users\jongm\anaconda3\envs\tensorflow\lib\site-packages\tensorflow\python\profiler\internal\_pywrap_traceme.pyd
0x00007ff8bea20000 - 0x00007ff8bed5c000 	C:\Users\jongm\anaconda3\envs\tensorflow\lib\site-packages\tensorflow\python\_op_def_registry.pyd
0x00007ff8f6b20000 - 0x00007ff8f6b29000 	C:\Users\jongm\anaconda3\envs\tensorflow\DLLs\_queue.pyd
0x00007ff8b1320000 - 0x00007ff8b1662000 	C:\Users\jongm\anaconda3\envs\tensorflow\lib\site-packages\tensorflow\python\_pywrap_events_writer.pyd
0x00007ff8b0fd0000 - 0x00007ff8b131d000 	C:\Users\jongm\anaconda3\envs\tensorflow\lib\site-packages\tensorflow\python\_pywrap_file_io.pyd
0x00007ff8b08b0000 - 0x00007ff8b0fcb000 	C:\Users\jongm\anaconda3\envs\tensorflow\lib\site-packages\tensorflow\python\profiler\internal\_pywrap_profiler.pyd
0x00007ff8ccfe0000 - 0x00007ff8cd336000 	C:\Users\jongm\anaconda3\envs\tensorflow\lib\site-packages\tensorflow\python\_pywrap_record_io.pyd
0x00007ff8ccc20000 - 0x00007ff8ccfd4000 	C:\Users\jongm\anaconda3\envs\tensorflow\lib\site-packages\tensorflow\python\_pywrap_checkpoint_reader.pyd
0x00007ff90f230000 - 0x00007ff90f249000 	C:\Users\jongm\anaconda3\envs\tensorflow\lib\site-packages\tensorflow\python\_pywrap_py_func.pyd
0x00007ff8b0560000 - 0x00007ff8b08a2000 	C:\Users\jongm\anaconda3\envs\tensorflow\lib\site-packages\tensorflow\python\data\experimental\service\_pywrap_server_lib.pyd
0x00007ff904970000 - 0x00007ff904988000 	C:\Users\jongm\anaconda3\envs\tensorflow\lib\site-packages\tensorflow\python\_pywrap_tf32_execution.pyd
0x00007ff8b0220000 - 0x00007ff8b055c000 	C:\Users\jongm\anaconda3\envs\tensorflow\lib\site-packages\tensorflow\python\_pywrap_device_lib.pyd
0x00007ff928090000 - 0x00007ff9280a0000 	C:\Users\jongm\anaconda3\envs\tensorflow\lib\site-packages\h5py\_errors.cp37-win_amd64.pyd
0x00007ff8aff10000 - 0x00007ff8b0211000 	C:\Users\jongm\anaconda3\envs\tensorflow\Library\bin\hdf5.dll
0x00007ff9046d0000 - 0x00007ff9046e9000 	C:\Users\jongm\anaconda3\envs\tensorflow\Library\bin\zlib.dll
0x00007ff904570000 - 0x00007ff90458b000 	C:\Users\jongm\anaconda3\envs\tensorflow\lib\site-packages\h5py\h5.cp37-win_amd64.pyd
0x00007ff904540000 - 0x00007ff904570000 	C:\Users\jongm\anaconda3\envs\tensorflow\lib\site-packages\h5py\defs.cp37-win_amd64.pyd
0x00007ff904430000 - 0x00007ff904452000 	C:\Users\jongm\anaconda3\envs\tensorflow\Library\bin\hdf5_hl.dll
0x00007ff9043a0000 - 0x00007ff9043c0000 	C:\Users\jongm\anaconda3\envs\tensorflow\lib\site-packages\h5py\_objects.cp37-win_amd64.pyd
0x00007ff904380000 - 0x00007ff904395000 	C:\Users\jongm\anaconda3\envs\tensorflow\lib\site-packages\h5py\_conv.cp37-win_amd64.pyd
0x00007ff904360000 - 0x00007ff904375000 	C:\Users\jongm\anaconda3\envs\tensorflow\lib\site-packages\h5py\h5r.cp37-win_amd64.pyd
0x00007ff904130000 - 0x00007ff904191000 	C:\Users\jongm\anaconda3\envs\tensorflow\lib\site-packages\h5py\h5t.cp37-win_amd64.pyd
0x00007ff904110000 - 0x00007ff904121000 	C:\Users\jongm\anaconda3\envs\tensorflow\lib\site-packages\h5py\utils.cp37-win_amd64.pyd
0x00007ff928060000 - 0x00007ff92806f000 	C:\Users\jongm\anaconda3\envs\tensorflow\lib\site-packages\h5py\h5z.cp37-win_amd64.pyd
0x00007ff8fff00000 - 0x00007ff8fff23000 	C:\Users\jongm\anaconda3\envs\tensorflow\lib\site-packages\h5py\h5a.cp37-win_amd64.pyd
0x00007ff8ffee0000 - 0x00007ff8ffefd000 	C:\Users\jongm\anaconda3\envs\tensorflow\lib\site-packages\h5py\h5s.cp37-win_amd64.pyd
0x00007ff8f6ed0000 - 0x00007ff8f6f21000 	C:\Users\jongm\anaconda3\envs\tensorflow\lib\site-packages\h5py\h5p.cp37-win_amd64.pyd

VM Arguments:
jvm_args: -Dfile.encoding=UTF8 -ea -Xmx1024m 
java_command: <unknown>
java_class_path (initial): C:\Users\jongm\anaconda3\envs\tensorflow\lib\site-packages\konlpy\java;C:\Users\jongm\anaconda3\envs\tensorflow\lib\site-packages\konlpy\java\bin;C:\Users\jongm\anaconda3\envs\tensorflow\lib\site-packages\konlpy\java\*;C:\Users\jongm\anaconda3\envs\tensorflow\lib\site-packages\konlpy\java\jhannanum-0.8.4.jar;C:\Users\jongm\anaconda3\envs\tensorflow\lib\site-packages\konlpy\java\kkma-2.0.jar;C:\Users\jongm\anaconda3\envs\tensorflow\lib\site-packages\konlpy\java\aho-corasick.jar;C:\Users\jongm\anaconda3\envs\tensorflow\lib\site-packages\konlpy\java\shineware-common-1.0.jar;C:\Users\jongm\anaconda3\envs\tensorflow\lib\site-packages\konlpy\java\shineware-ds-1.0.jar;C:\Users\jongm\anaconda3\envs\tensorflow\lib\site-packages\konlpy\java\komoran-3.0.jar;C:\Users\jongm\anaconda3\envs\tensorflow\lib\site-packages\konlpy\java\snakeyaml-1.12.jar;C:\Users\jongm\anaconda3\envs\tensorflow\lib\site-packages\konlpy\java\scala-library-2.12.3.jar;C:\Users\jongm\anaconda3\envs\tensorflow\lib\site-packages\konlpy\java\open-korean-text-2.1.0.jar;C:\Users\jongm\anaconda3\envs\tensorflow\lib\site-packages\konlpy\java\twitter-text-1.14.7.jar;C:\Users\jongm\anaconda3\envs\tensorflow\lib\site-packages\konlpy\java\*
Launcher Type: generic

Environment Variables:
JAVA_HOME=C:\Program Files\Java\jdk1.8.0_261;C:\Program Files\Java\jre1.8.0_261;
PATH=C:\Program Files\Git\mingw64\bin;C:\Program Files\Git\usr\bin;C:\Users\jongm\bin;C:\Users\jongm\anaconda3\envs\tensorflow;C:\Users\jongm\anaconda3\envs\tensorflow\Library\mingw-w64\bin;C:\Users\jongm\anaconda3\envs\tensorflow\Library\usr\bin;C:\Users\jongm\anaconda3\envs\tensorflow\Library\bin;C:\Users\jongm\anaconda3\envs\tensorflow\Scripts;C:\Users\jongm\anaconda3\envs\tensorflow\bin;C:\Users\jongm\anaconda3\condabin;C:\Program Files (x86)\Common Files\Oracle\Java\javapath;C:\windows\system32;C:\windows;C:\windows\System32\Wbem;C:\windows\System32\WindowsPowerShell\v1.0;C:\windows\System32\OpenSSH;C:\Program Files\Intel\WiFi\bin;C:\Program Files\Common Files\Intel\WirelessCommon;C:\Program Files (x86)\Microsoft SDKs\F#\4.1\Framework\v4.0;C:\Users\jongm\anaconda3;C:\Users\jongm\anaconda3\Scripts;C:\Users\jongm\anaconda3\Library\bin;C:\Users\jongm\anaconda3\Library\mingw-w64\bin;C:\Program Files\Git\cmd;C:\Users\jongm\SBAprojects;C:\Program Files\nodejs;C:\Program Files\MariaDB 10.5\bin;C:\Users\jongm\anaconda3\envs\tensorflow;C:\Users\jongm\anaconda3\envs\tensorflow\Lib;C:\Program Files (x86)\Windows Kits\8.1\Windows Performance Toolkit;C:\Users\jongm\AppData\Local\Microsoft\WindowsApps;C:\Users\jongm\AppData\Local\Programs\Microsoft VS Code\bin;C:\Users\jongm\AppData\Roaming\npm;C:\Users\jongm\anaconda3\envs\tensorflow\lib\site-packages\numpy\.libs;C:\Users\jongm\anaconda3\envs\tensorflow\lib\site-packages\scipy\.libs
USERNAME=jongm
OS=Windows_NT
PROCESSOR_IDENTIFIER=Intel64 Family 6 Model 142 Stepping 12, GenuineIntel



---------------  S Y S T E M  ---------------

OS: Windows 10.0 , 64 bit Build 18362 (10.0.18362.1110)

CPU:total 4 (initial active 4) (2 cores per cpu, 2 threads per core) family 6 model 142 stepping 12, cmov, cx8, fxsr, mmx, sse, sse2, sse3, ssse3, sse4.1, sse4.2, popcnt, avx, avx2, aes, clmul, erms, 3dnowpref, lzcnt, ht, tsc, tscinvbit, bmi1, bmi2, adx

Memory: 4k page, physical 8194712k(1069604k free), swap 59394712k(47650232k free)

vm_info: Java HotSpot(TM) 64-Bit Server VM (25.261-b12) for windows-amd64 JRE (1.8.0_261-b12), built on Jun 18 2020 06:56:32 by "" with unknown MS VC++:1916

time: Thu Dec 17 23:55:12 2020
timezone: ¢¥eCN©öI¡¾©ö C¡ÍA¨ª¨öA
elapsed time: 633 seconds (0d 0h 10m 33s)

