#
# A fatal error has been detected by the Java Runtime Environment:
#
#  EXCEPTION_ACCESS_VIOLATION (0xc0000005) at pc=0x00007ff8acf9e238, pid=18196, tid=0x0000000000004550
#
# JRE version: Java(TM) SE Runtime Environment (8.0_261-b12) (build 1.8.0_261-b12)
# Java VM: Java HotSpot(TM) 64-Bit Server VM (25.261-b12 mixed mode windows-amd64 compressed oops)
# Problematic frame:
# C  0x00007ff8acf9e238
#
# Failed to write core dump. Minidumps are not enabled by default on client versions of Windows
#
# If you would like to submit a bug report, please visit:
#   http://bugreport.java.com/bugreport/crash.jsp
# The crash happened outside the Java Virtual Machine in native code.
# See problematic frame for where to report the bug.
#

---------------  T H R E A D  ---------------

Current thread (0x0000024fd94af800):  JavaThread "main" [_thread_in_native, id=17744, stack(0x00000076a5200000,0x00000076a53f0000)]

siginfo: ExceptionCode=0xc0000005, writing address 0x0000000000000000

Registers:
RAX=0x0000000000000000, RBX=0x0000000000000000, RCX=0x0000024fd63584f0, RDX=0x0000000000000000
RSP=0x00000076a53da460, RBP=0x00000076a53dcc30, RSI=0x0000024fd616abe0, RDI=0x00007ff8ce0ce610
R8 =0x0000000000000003, R9 =0x0000000000000004, R10=0x0000024fd0ee4170, R11=0x00000076a53da450
R12=0x00000076a53da660, R13=0x00000076a53de980, R14=0x0000024fefa12a10, R15=0x0000000000000000
RIP=0x00007ff8acf9e238, EFLAGS=0x0000000000010246

Top of Stack: (sp=0x00000076a53da460)
0x00000076a53da460:   0000000000000000 0000000000000000
0x00000076a53da470:   0000024fd616abe0 00007ff8ce0ce610
0x00000076a53da480:   fffffffffffffffe 00007ff8cdddb831
0x00000076a53da490:   00007ff8ce0ce610 0000000000000000
0x00000076a53da4a0:   0000024fd616abe0 0000024fd94af9f8
0x00000076a53da4b0:   0000024fd6160100 00007ff8ce0ce610
0x00000076a53da4c0:   0000000000000000 0000024ff6413548
0x00000076a53da4d0:   00007896bb66ff01 00000000ecc4da50
0x00000076a53da4e0:   00000076a53db968 00007ff8acf9d61a
0x00000076a53da4f0:   0000024fd94af9f8 0000024fd94af9f8
0x00000076a53da500:   0000024ff289d760 0000024fd616abe0
0x00000076a53da510:   0000000000000000 0000024ff289d760
0x00000076a53da520:   0000024fd616abe0 0000024fd94af9f8
0x00000076a53da530:   0000000000000000 00007ff92f75b1cb
0x00000076a53da540:   fffffffffffffffe 00000076a53dabb0
0x00000076a53da550:   000078bdb96bb331 0000000a656e6f4e 

Instructions: (pc=0x00007ff8acf9e238)
0x00007ff8acf9e218:   08 01 00 00 48 ff 07 4c 8d 0d ba dd 00 00 4c 8b
0x00007ff8acf9e228:   c7 49 8b d6 e8 8f db 00 00 48 8b 8e 08 01 00 00
0x00007ff8acf9e238:   48 ff 03 4c 8d 0d 9e dd 00 00 4c 8b c3 49 8b d6
0x00007ff8acf9e248:   e8 73 db 00 00 c6 44 24 70 00 48 8b 4c 24 48 48 


Register to memory mapping:

RAX=0x0000000000000000 is an unknown value
RBX=0x0000000000000000 is an unknown value
RCX=0x0000024fd63584f0 is an unknown value
RDX=0x0000000000000000 is an unknown value
RSP=0x00000076a53da460 is pointing into the stack for thread: 0x0000024fd94af800
RBP=0x00000076a53dcc30 is pointing into the stack for thread: 0x0000024fd94af800
RSI=0x0000024fd616abe0 is an unknown value
RDI=0x00007ff8ce0ce610 is an unknown value
R8 =0x0000000000000003 is an unknown value
R9 =0x0000000000000004 is an unknown value
R10=0x0000024fd0ee4170 is an unknown value
R11=0x00000076a53da450 is pointing into the stack for thread: 0x0000024fd94af800
R12=0x00000076a53da660 is pointing into the stack for thread: 0x0000024fd94af800
R13=0x00000076a53de980 is pointing into the stack for thread: 0x0000024fd94af800
R14=0x0000024fefa12a10 is an unknown value
R15=0x0000000000000000 is an unknown value


Stack: [0x00000076a5200000,0x00000076a53f0000],  sp=0x00000076a53da460,  free space=1897k
Native frames: (J=compiled Java code, j=interpreted, Vv=VM code, C=native code)
C  0x00007ff8acf9e238
C  0x00007ff8acf9d61a
C  0x00007ff8acfcfb09
C  [VCRUNTIME140.dll+0x1030]
C  [VCRUNTIME140.dll+0x32f8]
C  [ntdll.dll+0xa0c96]
C  0x00007ff8acfb2b5b
C  0x00007ff8acfcfadd
C  [VCRUNTIME140.dll+0x1030]
C  [VCRUNTIME140.dll+0x32f8]
C  [ntdll.dll+0xa0c96]
C  0x00007ff8acfb2af2
C  0x0000024fdb079f4e

Java frames: (J=compiled Java code, j=interpreted, Vv=VM code)
j  org.jpype.manager.TypeFactoryNative.newWrapper(JJ)V+0
j  org.jpype.JPypeContext.newWrapper(J)V+16
v  ~StubRoutines::call_stub

---------------  P R O C E S S  ---------------

Java Threads: ( => current thread )
  0x0000024fee2b6000 JavaThread "Python Reference Queue" daemon [_thread_blocked, id=18036, stack(0x00000076a74e0000,0x00000076a76d0000)]
  0x0000024fd97f4000 JavaThread "Service Thread" daemon [_thread_blocked, id=6392, stack(0x00000076a7100000,0x00000076a72f0000)]
  0x0000024fd97f3800 JavaThread "C1 CompilerThread2" daemon [_thread_blocked, id=16780, stack(0x00000076a6f10000,0x00000076a7100000)]
  0x0000024fd97f2800 JavaThread "C2 CompilerThread1" daemon [_thread_blocked, id=15544, stack(0x00000076a6d20000,0x00000076a6f10000)]
  0x0000024fd982f000 JavaThread "C2 CompilerThread0" daemon [_thread_blocked, id=14520, stack(0x00000076a6b30000,0x00000076a6d20000)]
  0x0000024fd97fe000 JavaThread "Attach Listener" daemon [_thread_blocked, id=15264, stack(0x00000076a6940000,0x00000076a6b30000)]
  0x0000024fd97fd800 JavaThread "Signal Dispatcher" daemon [_thread_blocked, id=9940, stack(0x00000076a6750000,0x00000076a6940000)]
  0x0000024fd97ca000 JavaThread "Finalizer" daemon [_thread_blocked, id=10088, stack(0x00000076a6560000,0x00000076a6750000)]
  0x0000024fd97bb800 JavaThread "Reference Handler" daemon [_thread_blocked, id=17384, stack(0x00000076a6370000,0x00000076a6560000)]
=>0x0000024fd94af800 JavaThread "main" [_thread_in_native, id=17744, stack(0x00000076a5200000,0x00000076a53f0000)]

Other Threads:
  0x0000024fd9585000 VMThread [stack: 0x00000076a6180000,0x00000076a6370000] [id=3672]
  0x0000024fd9825800 WatcherThread [stack: 0x00000076a72f0000,0x00000076a74e0000] [id=19032]

VM state:not at safepoint (normal execution)

VM Mutex/Monitor currently owned by a thread: None

heap address: 0x00000000c0000000, size: 1024 MB, Compressed Oops mode: 32-bit
Narrow klass base: 0x0000000000000000, Narrow klass shift: 3
Compressed class space size: 1073741824 Address: 0x0000000100000000

Heap:
 PSYoungGen      total 25088K, used 2769K [0x00000000eab00000, 0x00000000f7780000, 0x0000000100000000)
  eden space 24576K, 11% used [0x00000000eab00000,0x00000000eada4578,0x00000000ec300000)
  from space 512K, 12% used [0x00000000f7680000,0x00000000f7690000,0x00000000f7700000)
  to   space 512K, 0% used [0x00000000f7700000,0x00000000f7700000,0x00000000f7780000)
 ParOldGen       total 86016K, used 73442K [0x00000000c0000000, 0x00000000c5400000, 0x00000000eab00000)
  object space 86016K, 85% used [0x00000000c0000000,0x00000000c47b89d8,0x00000000c5400000)
 Metaspace       used 13949K, capacity 14580K, committed 14848K, reserved 1062912K
  class space    used 2084K, capacity 2249K, committed 2304K, reserved 1048576K

Card table byte_map: [0x0000024fea420000,0x0000024fea630000] byte_map_base: 0x0000024fe9e20000

Marking Bits: (ParMarkBitMap*) 0x0000000075b44fb0
 Begin Bits: [0x0000024fea790000, 0x0000024feb790000)
 End Bits:   [0x0000024feb790000, 0x0000024fec790000)

Polling page: 0x0000024fdb030000

CodeCache: size=245760Kb used=8864Kb max_used=12829Kb free=236895Kb
 bounds [0x0000024fdb060000, 0x0000024fdbd20000, 0x0000024fea060000]
 total_blobs=2989 nmethods=2619 adapters=282
 compilation: enabled

Compilation events (10 events):
Event: 51.026 Thread 0x0000024fd982f000 3627       4       scala.collection.mutable.ListBuffer$::newBuilder (15 bytes)
Event: 51.027 Thread 0x0000024fd982f000 nmethod 3627 0x0000024fdb7bdd10 code [0x0000024fdb7bde60, 0x0000024fdb7bdfd8]
Event: 63.720 Thread 0x0000024fd97f2800 3628       4       java.util.TimSort::mergeHi (732 bytes)
Event: 63.738 Thread 0x0000024fd97f2800 nmethod 3628 0x0000024fdb697690 code [0x0000024fdb697840, 0x0000024fdb698da8]
Event: 78.984 Thread 0x0000024fd982f000 3629       4       java.util.TimSort::mergeAt (358 bytes)
Event: 78.987 Thread 0x0000024fd982f000 nmethod 3629 0x0000024fdb1bad10 code [0x0000024fdb1baea0, 0x0000024fdb1bb210]
Event: 104.120 Thread 0x0000024fd97f3800 3630       3       java.util.TimSort::mergeLo (659 bytes)
Event: 104.122 Thread 0x0000024fd97f3800 nmethod 3630 0x0000024fdb88f590 code [0x0000024fdb88f8c0, 0x0000024fdb891a60]
Event: 135.192 Thread 0x0000024fd982f000 3631       4       java.util.TimSort::mergeLo (659 bytes)
Event: 135.210 Thread 0x0000024fd982f000 nmethod 3631 0x0000024fdb993910 code [0x0000024fdb993ac0, 0x0000024fdb995028]

GC Heap History (10 events):
Event: 206.744 GC heap before
{Heap before GC invocations=1665 (full 20):
 PSYoungGen      total 27648K, used 27264K [0x00000000eab00000, 0x00000000f7780000, 0x0000000100000000)
  eden space 27136K, 100% used [0x00000000eab00000,0x00000000ec580000,0x00000000ec580000)
  from space 512K, 25% used [0x00000000f7700000,0x00000000f7720000,0x00000000f7780000)
  to   space 512K, 0% used [0x00000000f7680000,0x00000000f7680000,0x00000000f7700000)
 ParOldGen       total 86016K, used 73442K [0x00000000c0000000, 0x00000000c5400000, 0x00000000eab00000)
  object space 86016K, 85% used [0x00000000c0000000,0x00000000c47b89d8,0x00000000c5400000)
 Metaspace       used 13944K, capacity 14580K, committed 14848K, reserved 1062912K
  class space    used 2082K, capacity 2249K, committed 2304K, reserved 1048576K
Event: 206.747 GC heap after
Heap after GC invocations=1665 (full 20):
 PSYoungGen      total 27136K, used 128K [0x00000000eab00000, 0x00000000f7780000, 0x0000000100000000)
  eden space 26624K, 0% used [0x00000000eab00000,0x00000000eab00000,0x00000000ec500000)
  from space 512K, 25% used [0x00000000f7680000,0x00000000f76a0000,0x00000000f7700000)
  to   space 512K, 0% used [0x00000000f7700000,0x00000000f7700000,0x00000000f7780000)
 ParOldGen       total 86016K, used 73442K [0x00000000c0000000, 0x00000000c5400000, 0x00000000eab00000)
  object space 86016K, 85% used [0x00000000c0000000,0x00000000c47b89d8,0x00000000c5400000)
 Metaspace       used 13944K, capacity 14580K, committed 14848K, reserved 1062912K
  class space    used 2082K, capacity 2249K, committed 2304K, reserved 1048576K
}
Event: 206.903 GC heap before
{Heap before GC invocations=1666 (full 20):
 PSYoungGen      total 27136K, used 26752K [0x00000000eab00000, 0x00000000f7780000, 0x0000000100000000)
  eden space 26624K, 100% used [0x00000000eab00000,0x00000000ec500000,0x00000000ec500000)
  from space 512K, 25% used [0x00000000f7680000,0x00000000f76a0000,0x00000000f7700000)
  to   space 512K, 0% used [0x00000000f7700000,0x00000000f7700000,0x00000000f7780000)
 ParOldGen       total 86016K, used 73442K [0x00000000c0000000, 0x00000000c5400000, 0x00000000eab00000)
  object space 86016K, 85% used [0x00000000c0000000,0x00000000c47b89d8,0x00000000c5400000)
 Metaspace       used 13944K, capacity 14580K, committed 14848K, reserved 1062912K
  class space    used 2082K, capacity 2249K, committed 2304K, reserved 1048576K
Event: 206.903 GC heap after
Heap after GC invocations=1666 (full 20):
 PSYoungGen      total 26624K, used 128K [0x00000000eab00000, 0x00000000f7780000, 0x0000000100000000)
  eden space 26112K, 0% used [0x00000000eab00000,0x00000000eab00000,0x00000000ec480000)
  from space 512K, 25% used [0x00000000f7700000,0x00000000f7720000,0x00000000f7780000)
  to   space 512K, 0% used [0x00000000f7680000,0x00000000f7680000,0x00000000f7700000)
 ParOldGen       total 86016K, used 73442K [0x00000000c0000000, 0x00000000c5400000, 0x00000000eab00000)
  object space 86016K, 85% used [0x00000000c0000000,0x00000000c47b89d8,0x00000000c5400000)
 Metaspace       used 13944K, capacity 14580K, committed 14848K, reserved 1062912K
  class space    used 2082K, capacity 2249K, committed 2304K, reserved 1048576K
}
Event: 207.032 GC heap before
{Heap before GC invocations=1667 (full 20):
 PSYoungGen      total 26624K, used 26240K [0x00000000eab00000, 0x00000000f7780000, 0x0000000100000000)
  eden space 26112K, 100% used [0x00000000eab00000,0x00000000ec480000,0x00000000ec480000)
  from space 512K, 25% used [0x00000000f7700000,0x00000000f7720000,0x00000000f7780000)
  to   space 512K, 0% used [0x00000000f7680000,0x00000000f7680000,0x00000000f7700000)
 ParOldGen       total 86016K, used 73442K [0x00000000c0000000, 0x00000000c5400000, 0x00000000eab00000)
  object space 86016K, 85% used [0x00000000c0000000,0x00000000c47b89d8,0x00000000c5400000)
 Metaspace       used 13944K, capacity 14580K, committed 14848K, reserved 1062912K
  class space    used 2082K, capacity 2249K, committed 2304K, reserved 1048576K
Event: 207.033 GC heap after
Heap after GC invocations=1667 (full 20):
 PSYoungGen      total 26112K, used 96K [0x00000000eab00000, 0x00000000f7780000, 0x0000000100000000)
  eden space 25600K, 0% used [0x00000000eab00000,0x00000000eab00000,0x00000000ec400000)
  from space 512K, 18% used [0x00000000f7680000,0x00000000f7698000,0x00000000f7700000)
  to   space 512K, 0% used [0x00000000f7700000,0x00000000f7700000,0x00000000f7780000)
 ParOldGen       total 86016K, used 73442K [0x00000000c0000000, 0x00000000c5400000, 0x00000000eab00000)
  object space 86016K, 85% used [0x00000000c0000000,0x00000000c47b89d8,0x00000000c5400000)
 Metaspace       used 13944K, capacity 14580K, committed 14848K, reserved 1062912K
  class space    used 2082K, capacity 2249K, committed 2304K, reserved 1048576K
}
Event: 207.183 GC heap before
{Heap before GC invocations=1668 (full 20):
 PSYoungGen      total 26112K, used 25696K [0x00000000eab00000, 0x00000000f7780000, 0x0000000100000000)
  eden space 25600K, 100% used [0x00000000eab00000,0x00000000ec400000,0x00000000ec400000)
  from space 512K, 18% used [0x00000000f7680000,0x00000000f7698000,0x00000000f7700000)
  to   space 512K, 0% used [0x00000000f7700000,0x00000000f7700000,0x00000000f7780000)
 ParOldGen       total 86016K, used 73442K [0x00000000c0000000, 0x00000000c5400000, 0x00000000eab00000)
  object space 86016K, 85% used [0x00000000c0000000,0x00000000c47b89d8,0x00000000c5400000)
 Metaspace       used 13944K, capacity 14580K, committed 14848K, reserved 1062912K
  class space    used 2082K, capacity 2249K, committed 2304K, reserved 1048576K
Event: 207.184 GC heap after
Heap after GC invocations=1668 (full 20):
 PSYoungGen      total 25600K, used 128K [0x00000000eab00000, 0x00000000f7780000, 0x0000000100000000)
  eden space 25088K, 0% used [0x00000000eab00000,0x00000000eab00000,0x00000000ec380000)
  from space 512K, 25% used [0x00000000f7700000,0x00000000f7720000,0x00000000f7780000)
  to   space 512K, 0% used [0x00000000f7680000,0x00000000f7680000,0x00000000f7700000)
 ParOldGen       total 86016K, used 73442K [0x00000000c0000000, 0x00000000c5400000, 0x00000000eab00000)
  object space 86016K, 85% used [0x00000000c0000000,0x00000000c47b89d8,0x00000000c5400000)
 Metaspace       used 13944K, capacity 14580K, committed 14848K, reserved 1062912K
  class space    used 2082K, capacity 2249K, committed 2304K, reserved 1048576K
}
Event: 207.396 GC heap before
{Heap before GC invocations=1669 (full 20):
 PSYoungGen      total 25600K, used 25215K [0x00000000eab00000, 0x00000000f7780000, 0x0000000100000000)
  eden space 25088K, 99% used [0x00000000eab00000,0x00000000ec37fff0,0x00000000ec380000)
  from space 512K, 25% used [0x00000000f7700000,0x00000000f7720000,0x00000000f7780000)
  to   space 512K, 0% used [0x00000000f7680000,0x00000000f7680000,0x00000000f7700000)
 ParOldGen       total 86016K, used 73442K [0x00000000c0000000, 0x00000000c5400000, 0x00000000eab00000)
  object space 86016K, 85% used [0x00000000c0000000,0x00000000c47b89d8,0x00000000c5400000)
 Metaspace       used 13944K, capacity 14580K, committed 14848K, reserved 1062912K
  class space    used 2082K, capacity 2249K, committed 2304K, reserved 1048576K
Event: 207.397 GC heap after
Heap after GC invocations=1669 (full 20):
 PSYoungGen      total 25088K, used 64K [0x00000000eab00000, 0x00000000f7780000, 0x0000000100000000)
  eden space 24576K, 0% used [0x00000000eab00000,0x00000000eab00000,0x00000000ec300000)
  from space 512K, 12% used [0x00000000f7680000,0x00000000f7690000,0x00000000f7700000)
  to   space 512K, 0% used [0x00000000f7700000,0x00000000f7700000,0x00000000f7780000)
 ParOldGen       total 86016K, used 73442K [0x00000000c0000000, 0x00000000c5400000, 0x00000000eab00000)
  object space 86016K, 85% used [0x00000000c0000000,0x00000000c47b89d8,0x00000000c5400000)
 Metaspace       used 13944K, capacity 14580K, committed 14848K, reserved 1062912K
  class space    used 2082K, capacity 2249K, committed 2304K, reserved 1048576K
}

Deoptimization events (10 events):
Event: 16.635 Thread 0x0000024fd94af800 Uncommon trap: reason=class_check action=maybe_recompile pc=0x0000024fdb933bbc method=scala.collection.immutable.List.$plus$plus(Lscala/collection/GenTraversableOnce;Lscala/collection/generic/CanBuildFrom;)Ljava/lang/Object; @ 11
Event: 16.635 Thread 0x0000024fd94af800 Uncommon trap: reason=class_check action=maybe_recompile pc=0x0000024fdbab2bcc method=scala.collection.immutable.List.$colon$colon$colon(Lscala/collection/immutable/List;)Lscala/collection/immutable/List; @ 1
Event: 16.635 Thread 0x0000024fd94af800 Uncommon trap: reason=class_check action=maybe_recompile pc=0x0000024fdbb93750 method=org.openkoreantext.processor.tokenizer.KoreanTokenizer$.$anonfun$findTopCandidates$2(Lorg/openkoreantext/processor/tokenizer/KoreanTokenizer$;Lorg/openkoreantext/process
Event: 17.529 Thread 0x0000024fd94af800 Uncommon trap: reason=bimorphic action=maybe_recompile pc=0x0000024fdbb1610c method=scala.collection.SeqLike.sorted(Lscala/math/Ordering;)Ljava/lang/Object; @ 1
Event: 18.556 Thread 0x0000024fd94af800 Uncommon trap: reason=unstable_if action=reinterpret pc=0x0000024fdbcd6ae8 method=org.openkoreantext.processor.util.KoreanSubstantive$.isName(Ljava/lang/CharSequence;)Z @ 49
Event: 29.778 Thread 0x0000024fd94af800 Uncommon trap: reason=bimorphic action=maybe_recompile pc=0x0000024fdbb1610c method=scala.collection.SeqLike.sorted(Lscala/math/Ordering;)Ljava/lang/Object; @ 1
Event: 34.723 Thread 0x0000024fd94af800 Uncommon trap: reason=unstable_if action=reinterpret pc=0x0000024fdbc2c6a0 method=org.openkoreantext.processor.tokenizer.ParsedChunk.$anonfun$josaMismatched$1(Lscala/collection/Seq;)Z @ 322
Event: 46.565 Thread 0x0000024fd94af800 Uncommon trap: reason=bimorphic action=maybe_recompile pc=0x0000024fdbb1610c method=scala.collection.SeqLike.sorted(Lscala/math/Ordering;)Ljava/lang/Object; @ 1
Event: 103.616 Thread 0x0000024fd94af800 Uncommon trap: reason=unstable_if action=reinterpret pc=0x0000024fdb2ee404 method=java.util.TimSort.mergeLo(IIII)V @ 487
Event: 207.523 Thread 0x0000024fd94af800 Uncommon trap: reason=unstable_if action=reinterpret pc=0x0000024fdbc96544 method=org.jpype.manager.TypeManager.findClassForObject(Ljava/lang/Object;)J @ 8

Classes redefined (0 events):
No events

Internal exceptions (10 events):
Event: 4.764 Thread 0x0000024fd94af800 Exception <a 'java/lang/NoSuchMethodError': java.lang.Object.$anonfun$sliding$1(Lscala/collection/IterableLike;Lscala/collection/Seq;)Ljava/lang/Object;> (0x00000000ed75ecc8) thrown at [C:\jenkins\workspace\8-2-build-windows-amd64-cygwin\jdk8u261\295\hots
Event: 4.770 Thread 0x0000024fd94af800 Exception <a 'java/lang/NoSuchMethodError': java.lang.Object.$anonfun$sum$1(Lscala/math/Numeric;Ljava/lang/Object;Ljava/lang/Object;)Ljava/lang/Object;> (0x00000000ed7a7f20) thrown at [C:\jenkins\workspace\8-2-build-windows-amd64-cygwin\jdk8u261\295\hotsp
Event: 4.778 Thread 0x0000024fd94af800 Exception <a 'java/lang/NoSuchMethodError': java.lang.Object.$anonfun$releaseVersion$1$adapted(Ljava/lang/String;)Ljava/lang/Object;> (0x00000000ed7e3340) thrown at [C:\jenkins\workspace\8-2-build-windows-amd64-cygwin\jdk8u261\295\hotspot\src\share\vm\int
Event: 4.779 Thread 0x0000024fd94af800 Exception <a 'java/lang/NoSuchMethodError': java.lang.Object.$anonfun$releaseVersion$2(Ljava/lang/String;)Ljava/lang/String;> (0x00000000ed7edd18) thrown at [C:\jenkins\workspace\8-2-build-windows-amd64-cygwin\jdk8u261\295\hotspot\src\share\vm\interpreter
Event: 4.779 Thread 0x0000024fd94af800 Exception <a 'java/lang/NoSuchMethodError': java.lang.Object.$anonfun$developmentVersion$1$adapted(Ljava/lang/String;)Ljava/lang/Object;> (0x00000000ed7f1eb0) thrown at [C:\jenkins\workspace\8-2-build-windows-amd64-cygwin\jdk8u261\295\hotspot\src\share\vm
Event: 4.780 Thread 0x0000024fd94af800 Exception <a 'java/lang/NoSuchMethodError': java.lang.Object.$anonfun$developmentVersion$2(Lscala/util/PropertiesTrait;Ljava/lang/String;)Lscala/Option;> (0x00000000ed7f5c78) thrown at [C:\jenkins\workspace\8-2-build-windows-amd64-cygwin\jdk8u261\295\hots
Event: 4.788 Thread 0x0000024fd94af800 Exception <a 'java/lang/NoSuchMethodError': java.lang.Object.$anonfun$distinct$1(Lscala/collection/mutable/Builder;Lscala/collection/mutable/HashSet;Ljava/lang/Object;)Ljava/lang/Object;> (0x00000000ed854770) thrown at [C:\jenkins\workspace\8-2-build-wind
Event: 5.031 Thread 0x0000024fd94af800 Exception <a 'java/lang/NoSuchMethodError': java.lang.Object.$anonfun$addString$1(Lscala/collection/mutable/StringBuilder;Ljava/lang/String;Lscala/runtime/BooleanRef;Ljava/lang/Object;)Ljava/lang/Object;> (0x00000000eddd9b40) thrown at [C:\jenkins\workspa
Event: 7.999 Thread 0x0000024fd94af800 Exception <a 'java/lang/NoSuchMethodError': java.lang.Object.$anonfun$filterImpl$1(Lscala/Function1;ZLscala/collection/mutable/Builder;Ljava/lang/Object;)Ljava/lang/Object;> (0x00000000ecc56570) thrown at [C:\jenkins\workspace\8-2-build-windows-amd64-cygw
Event: 207.523 Thread 0x0000024fd94af800 Exception <a 'java/lang/InterruptedException': sleep interrupted> (0x00000000eac77160) thrown at [C:\jenkins\workspace\8-2-build-windows-amd64-cygwin\jdk8u261\295\hotspot\src\share\vm\prims\jvm.cpp, line 3298]

Events (10 events):
Event: 207.509 loading class sun/misc/Signal$1 done
Event: 207.510 Thread 0x0000024ff1af5800 Thread added: 0x0000024ff1af5800
Event: 207.511 Executing VM operation: RevokeBias
Event: 207.511 Executing VM operation: RevokeBias done
Event: 207.511 Thread 0x0000024ff1af5800 Thread exited: 0x0000024ff1af5800
Event: 207.523 Thread 0x0000024fd94af800 Uncommon trap: trap_request=0xffffff65 fr.pc=0x0000024fdbc96544
Event: 207.523 Thread 0x0000024fd94af800 DEOPT PACKING pc=0x0000024fdbc96544 sp=0x00000076a53ee050
Event: 207.523 Thread 0x0000024fd94af800 DEOPT UNPACKING pc=0x0000024fdb0a5843 sp=0x00000076a53ee028 mode 2
Event: 207.524 loading class org/jpype/ref/JPypeReferenceSet$Pool
Event: 207.524 loading class org/jpype/ref/JPypeReferenceSet$Pool done


Dynamic libraries:
0x00007ff71de40000 - 0x00007ff71de5c000 	C:\Users\jongm\anaconda3\envs\tensorflow\python.exe
0x00007ff932360000 - 0x00007ff932550000 	C:\windows\SYSTEM32\ntdll.dll
0x00007ff931cc0000 - 0x00007ff931d72000 	C:\windows\System32\KERNEL32.DLL
0x00007ff92f730000 - 0x00007ff92f9d5000 	C:\windows\System32\KERNELBASE.dll
0x00007ff92f470000 - 0x00007ff92f56a000 	C:\windows\System32\ucrtbase.dll
0x00007ff8cddd0000 - 0x00007ff8ce193000 	C:\Users\jongm\anaconda3\envs\tensorflow\python37.dll
0x00007ff91af80000 - 0x00007ff91af95000 	C:\Users\jongm\anaconda3\envs\tensorflow\VCRUNTIME140.dll
0x00007ff930d10000 - 0x00007ff930d62000 	C:\windows\System32\SHLWAPI.dll
0x00007ff9321e0000 - 0x00007ff93227e000 	C:\windows\System32\msvcrt.dll
0x00007ff931660000 - 0x00007ff931996000 	C:\windows\System32\combase.dll
0x00007ff931d80000 - 0x00007ff931ea0000 	C:\windows\System32\RPCRT4.dll
0x00007ff92f300000 - 0x00007ff92f381000 	C:\windows\System32\bcryptPrimitives.dll
0x00007ff9312d0000 - 0x00007ff9312f6000 	C:\windows\System32\GDI32.dll
0x00007ff91f9a0000 - 0x00007ff91f9aa000 	C:\windows\SYSTEM32\VERSION.dll
0x00007ff92f2d0000 - 0x00007ff92f2f1000 	C:\windows\System32\win32u.dll
0x00007ff92f590000 - 0x00007ff92f726000 	C:\windows\System32\gdi32full.dll
0x00007ff930370000 - 0x00007ff93040e000 	C:\windows\System32\msvcp_win.dll
0x00007ff930b70000 - 0x00007ff930d04000 	C:\windows\System32\USER32.dll
0x00007ff9319a0000 - 0x00007ff931a0f000 	C:\windows\System32\WS2_32.dll
0x00007ff931a20000 - 0x00007ff931ac3000 	C:\windows\System32\ADVAPI32.dll
0x00007ff932280000 - 0x00007ff932317000 	C:\windows\System32\sechost.dll
0x00007ff930d70000 - 0x00007ff930d9e000 	C:\windows\System32\IMM32.DLL
0x00007ff92f570000 - 0x00007ff92f587000 	C:\windows\System32\CRYPTSP.dll
0x00007ff92e5c0000 - 0x00007ff92e5f3000 	C:\windows\system32\rsaenh.dll
0x00007ff92f3e0000 - 0x00007ff92f406000 	C:\windows\System32\bcrypt.dll
0x00007ff92ec20000 - 0x00007ff92ec2c000 	C:\windows\SYSTEM32\CRYPTBASE.dll
0x00007ff928040000 - 0x00007ff92804f000 	C:\Users\jongm\anaconda3\envs\tensorflow\python3.DLL
0x00007ff9257b0000 - 0x00007ff9257b9000 	C:\Users\jongm\anaconda3\envs\tensorflow\lib\site-packages\markupsafe\_speedups.cp37-win_amd64.pyd
0x00007ff91af60000 - 0x00007ff91af78000 	C:\Users\jongm\anaconda3\envs\tensorflow\DLLs\_bz2.pyd
0x00007ff91af30000 - 0x00007ff91af60000 	C:\Users\jongm\anaconda3\envs\tensorflow\DLLs\_lzma.pyd
0x00007ff91aff0000 - 0x00007ff91affd000 	C:\Users\jongm\anaconda3\envs\tensorflow\DLLs\_hashlib.pyd
0x0000000067e00000 - 0x00000000680ab000 	C:\Program Files\Git\mingw64\bin\libcrypto-1_1-x64.dll
0x00007ff904a60000 - 0x00007ff904aa4000 	C:\Users\jongm\anaconda3\envs\tensorflow\DLLs\_decimal.pyd
0x00007ff8f6e20000 - 0x00007ff8f6f28000 	C:\Users\jongm\anaconda3\envs\tensorflow\DLLs\unicodedata.pyd
0x00007ff917e00000 - 0x00007ff917e15000 	C:\Users\jongm\anaconda3\envs\tensorflow\DLLs\_socket.pyd
0x00007ff91af20000 - 0x00007ff91af29000 	C:\Users\jongm\anaconda3\envs\tensorflow\DLLs\select.pyd
0x00007ff90f230000 - 0x00007ff90f24f000 	C:\Users\jongm\anaconda3\envs\tensorflow\DLLs\_ssl.pyd
0x00007ff92fa90000 - 0x00007ff92fbd9000 	C:\windows\System32\CRYPT32.dll
0x00007ff92f210000 - 0x00007ff92f222000 	C:\windows\System32\MSASN1.dll
0x000000006d480000 - 0x000000006d50d000 	C:\Program Files\Git\mingw64\bin\libssl-1_1-x64.dll
0x00007ff928090000 - 0x00007ff9280a0000 	C:\Users\jongm\anaconda3\envs\tensorflow\lib\site-packages\simplejson\_speedups.cp37-win_amd64.pyd
0x00007ff9049f0000 - 0x00007ff904a13000 	C:\Users\jongm\anaconda3\envs\tensorflow\DLLs\_ctypes.pyd
0x00007ff931f00000 - 0x00007ff932057000 	C:\windows\System32\ole32.dll
0x00007ff931bf0000 - 0x00007ff931cb5000 	C:\windows\System32\OLEAUT32.dll
0x00007ff930480000 - 0x00007ff930b67000 	C:\windows\System32\shell32.DLL
0x00007ff92f390000 - 0x00007ff92f3da000 	C:\windows\System32\cfgmgr32.dll
0x00007ff932130000 - 0x00007ff9321d9000 	C:\windows\System32\shcore.dll
0x00007ff92fbe0000 - 0x00007ff930361000 	C:\windows\System32\windows.storage.dll
0x00007ff92f2a0000 - 0x00007ff92f2c3000 	C:\windows\System32\profapi.dll
0x00007ff92f230000 - 0x00007ff92f27a000 	C:\windows\System32\powrprof.dll
0x00007ff92f200000 - 0x00007ff92f210000 	C:\windows\System32\UMPDC.dll
0x00007ff92f280000 - 0x00007ff92f291000 	C:\windows\System32\kernel.appcore.dll
0x00007ff928060000 - 0x00007ff928069000 	C:\Users\jongm\anaconda3\envs\tensorflow\lib\site-packages\sqlalchemy\cprocessors.cp37-win_amd64.pyd
0x00007ff928050000 - 0x00007ff928058000 	C:\Users\jongm\anaconda3\envs\tensorflow\lib\site-packages\sqlalchemy\cutils.cp37-win_amd64.pyd
0x00007ff91add0000 - 0x00007ff91adda000 	C:\Users\jongm\anaconda3\envs\tensorflow\lib\site-packages\sqlalchemy\cresultproxy.cp37-win_amd64.pyd
0x00007ff917dd0000 - 0x00007ff917dd7000 	C:\Users\jongm\anaconda3\envs\tensorflow\lib\site-packages\mkl\_mklinit.cp37-win_amd64.pyd
0x00007ff8bc800000 - 0x00007ff8bd85d000 	C:\Users\jongm\anaconda3\envs\tensorflow\Library\bin\mkl_rt.dll
0x00007ff9049c0000 - 0x00007ff9049e2000 	C:\Users\jongm\anaconda3\envs\tensorflow\lib\site-packages\mkl\_py_mkl_service.cp37-win_amd64.pyd
0x00007ff8d3bd0000 - 0x00007ff8d3e98000 	C:\Users\jongm\anaconda3\envs\tensorflow\lib\site-packages\numpy\core\_multiarray_umath.cp37-win_amd64.pyd
0x00007ff9049a0000 - 0x00007ff9049bf000 	C:\Users\jongm\anaconda3\envs\tensorflow\lib\site-packages\numpy\core\_multiarray_tests.cp37-win_amd64.pyd
0x00007ff90d730000 - 0x00007ff90d739000 	C:\Users\jongm\anaconda3\envs\tensorflow\lib\site-packages\numpy\linalg\lapack_lite.cp37-win_amd64.pyd
0x00007ff904970000 - 0x00007ff90499a000 	C:\Users\jongm\anaconda3\envs\tensorflow\lib\site-packages\numpy\linalg\_umath_linalg.cp37-win_amd64.pyd
0x00007ff9046d0000 - 0x00007ff9046f0000 	C:\Users\jongm\anaconda3\envs\tensorflow\lib\site-packages\numpy\fft\_pocketfft_internal.cp37-win_amd64.pyd
0x00007ff904110000 - 0x00007ff90419f000 	C:\Users\jongm\anaconda3\envs\tensorflow\lib\site-packages\numpy\random\mtrand.cp37-win_amd64.pyd
0x00007ff904560000 - 0x00007ff90458a000 	C:\Users\jongm\anaconda3\envs\tensorflow\lib\site-packages\numpy\random\bit_generator.cp37-win_amd64.pyd
0x00007ff904420000 - 0x00007ff904451000 	C:\Users\jongm\anaconda3\envs\tensorflow\lib\site-packages\numpy\random\_common.cp37-win_amd64.pyd
0x00007ff904380000 - 0x00007ff9043c0000 	C:\Users\jongm\anaconda3\envs\tensorflow\lib\site-packages\numpy\random\_bounded_integers.cp37-win_amd64.pyd
0x00007ff904540000 - 0x00007ff904558000 	C:\Users\jongm\anaconda3\envs\tensorflow\lib\site-packages\numpy\random\_mt19937.cp37-win_amd64.pyd
0x00007ff904360000 - 0x00007ff904377000 	C:\Users\jongm\anaconda3\envs\tensorflow\lib\site-packages\numpy\random\_philox.cp37-win_amd64.pyd
0x00007ff903a50000 - 0x00007ff903a65000 	C:\Users\jongm\anaconda3\envs\tensorflow\lib\site-packages\numpy\random\_pcg64.cp37-win_amd64.pyd
0x00007ff8fff80000 - 0x00007ff8fff92000 	C:\Users\jongm\anaconda3\envs\tensorflow\lib\site-packages\numpy\random\_sfc64.cp37-win_amd64.pyd
0x00007ff8f69b0000 - 0x00007ff8f6a54000 	C:\Users\jongm\anaconda3\envs\tensorflow\lib\site-packages\numpy\random\_generator.cp37-win_amd64.pyd
0x00007ff8b9a30000 - 0x00007ff8bc7fd000 	C:\Users\jongm\anaconda3\envs\tensorflow\Library\bin\mkl_intel_thread.dll
0x00007ff8b5290000 - 0x00007ff8b9a2a000 	C:\Users\jongm\anaconda3\envs\tensorflow\Library\bin\mkl_core.dll
0x00007ff8b2aa0000 - 0x00007ff8b5282000 	C:\Users\jongm\anaconda3\envs\tensorflow\Library\bin\mkl_avx2.dll
0x00007ff8b1c30000 - 0x00007ff8b2a9d000 	C:\Users\jongm\anaconda3\envs\tensorflow\Library\bin\mkl_vml_avx2.dll
0x00007ff8ffef0000 - 0x00007ff8fff22000 	C:\Users\jongm\anaconda3\envs\tensorflow\DLLs\pyexpat.pyd
0x0000000075ca0000 - 0x0000000075cc4000 	C:\Users\jongm\anaconda3\envs\tensorflow\lib\site-packages\win32\win32api.pyd
0x0000000075c70000 - 0x0000000075c96000 	C:\Users\jongm\anaconda3\envs\tensorflow\lib\site-packages\win32\pywintypes37.dll
0x00007ff91cb00000 - 0x00007ff91cb0c000 	C:\windows\SYSTEM32\secur32.dll
0x00007ff92f110000 - 0x00007ff92f147000 	C:\windows\SYSTEM32\SSPICLI.DLL
0x0000000075c60000 - 0x0000000075c67000 	C:\Users\jongm\anaconda3\envs\tensorflow\lib\site-packages\win32\_win32sysloader.pyd
0x0000000075bc0000 - 0x0000000075c54000 	C:\Users\jongm\anaconda3\envs\tensorflow\Library\bin\pythoncom37.dll
0x00007ff929ea0000 - 0x00007ff929f39000 	C:\windows\system32\uxtheme.dll
0x00007ff90e010000 - 0x00007ff90e1e6000 	C:\windows\SYSTEM32\urlmon.dll
0x00007ff90fee0000 - 0x00007ff910187000 	C:\windows\SYSTEM32\iertutil.dll
0x00007ff8f3840000 - 0x00007ff8f38db000 	C:\Users\jongm\anaconda3\envs\tensorflow\msvcp140.dll
0x00007ff90cbd0000 - 0x00007ff90cbd9000 	C:\Users\jongm\anaconda3\envs\tensorflow\msvcp140_1.dll
0x00007ff85e300000 - 0x00007ff8889ed000 	C:\Users\jongm\anaconda3\envs\tensorflow\lib\site-packages\tensorflow\python\_pywrap_tensorflow_internal.pyd
0x00007ff931a10000 - 0x00007ff931a18000 	C:\windows\System32\Normaliz.dll
0x00007ff92a260000 - 0x00007ff92a454000 	C:\windows\SYSTEM32\dbghelp.dll
0x00007ff91c4d0000 - 0x00007ff91c4dc000 	C:\windows\SYSTEM32\VCRUNTIME140_1.dll
0x00007ff92f0e0000 - 0x00007ff92f105000 	C:\windows\SYSTEM32\USERENV.dll
0x00007ff8ccd10000 - 0x00007ff8cd33d000 	C:\Users\jongm\anaconda3\envs\tensorflow\lib\site-packages\tensorflow\python\_pywrap_tfe.pyd
0x00007ff8b1670000 - 0x00007ff8b1c2c000 	C:\Users\jongm\anaconda3\envs\tensorflow\lib\site-packages\tensorflow\python\_pywrap_tf_session.pyd
0x00007ff8ffec0000 - 0x00007ff8ffeee000 	C:\Users\jongm\anaconda3\envs\tensorflow\lib\site-packages\tensorflow\python\_tf_stack.pyd
0x00007ff9075c0000 - 0x00007ff9075ce000 	C:\Users\jongm\anaconda3\envs\tensorflow\lib\site-packages\wrapt\_wrappers.cp37-win_amd64.pyd
0x00007ff8ffea0000 - 0x00007ff8ffebd000 	C:\Users\jongm\anaconda3\envs\tensorflow\lib\site-packages\tensorflow\python\_pywrap_utils.pyd
0x00007ff8cdb50000 - 0x00007ff8cddcc000 	C:\Users\jongm\anaconda3\envs\tensorflow\lib\site-packages\tensorflow\python\_pywrap_py_exception_registry.pyd
0x00007ff8fd7d0000 - 0x00007ff8fd7e9000 	C:\Users\jongm\anaconda3\envs\tensorflow\lib\site-packages\tensorflow\python\_pywrap_bfloat16.pyd
0x00007ff8caf30000 - 0x00007ff8cb1ac000 	C:\Users\jongm\anaconda3\envs\tensorflow\lib\site-packages\tensorflow\python\_dtypes.pyd
0x00007ff8c7090000 - 0x00007ff8c73d0000 	C:\Users\jongm\anaconda3\envs\tensorflow\lib\site-packages\tensorflow\python\profiler\internal\_pywrap_traceme.pyd
0x00007ff8bea20000 - 0x00007ff8bed5c000 	C:\Users\jongm\anaconda3\envs\tensorflow\lib\site-packages\tensorflow\python\_op_def_registry.pyd
0x00007ff904960000 - 0x00007ff904969000 	C:\Users\jongm\anaconda3\envs\tensorflow\DLLs\_queue.pyd
0x00007ff8b1320000 - 0x00007ff8b1662000 	C:\Users\jongm\anaconda3\envs\tensorflow\lib\site-packages\tensorflow\python\_pywrap_events_writer.pyd
0x00007ff8b0fd0000 - 0x00007ff8b131d000 	C:\Users\jongm\anaconda3\envs\tensorflow\lib\site-packages\tensorflow\python\_pywrap_file_io.pyd
0x00007ff8b08b0000 - 0x00007ff8b0fcb000 	C:\Users\jongm\anaconda3\envs\tensorflow\lib\site-packages\tensorflow\python\profiler\internal\_pywrap_profiler.pyd
0x00007ff8b0550000 - 0x00007ff8b08a6000 	C:\Users\jongm\anaconda3\envs\tensorflow\lib\site-packages\tensorflow\python\_pywrap_record_io.pyd
0x00007ff8b0190000 - 0x00007ff8b0544000 	C:\Users\jongm\anaconda3\envs\tensorflow\lib\site-packages\tensorflow\python\_pywrap_checkpoint_reader.pyd
0x00007ff8fd7b0000 - 0x00007ff8fd7c9000 	C:\Users\jongm\anaconda3\envs\tensorflow\lib\site-packages\tensorflow\python\_pywrap_py_func.pyd
0x00007ff8afe40000 - 0x00007ff8b0182000 	C:\Users\jongm\anaconda3\envs\tensorflow\lib\site-packages\tensorflow\python\data\experimental\service\_pywrap_server_lib.pyd
0x00007ff8fd790000 - 0x00007ff8fd7a8000 	C:\Users\jongm\anaconda3\envs\tensorflow\lib\site-packages\tensorflow\python\_pywrap_tf32_execution.pyd
0x00007ff8afb00000 - 0x00007ff8afe3c000 	C:\Users\jongm\anaconda3\envs\tensorflow\lib\site-packages\tensorflow\python\_pywrap_device_lib.pyd
0x00007ff9046c0000 - 0x00007ff9046d0000 	C:\Users\jongm\anaconda3\envs\tensorflow\lib\site-packages\h5py\_errors.cp37-win_amd64.pyd
0x00007ff8af7f0000 - 0x00007ff8afaf1000 	C:\Users\jongm\anaconda3\envs\tensorflow\Library\bin\hdf5.dll
0x00007ff8f9cf0000 - 0x00007ff8f9d09000 	C:\Users\jongm\anaconda3\envs\tensorflow\Library\bin\zlib.dll
0x00007ff8f6e00000 - 0x00007ff8f6e1b000 	C:\Users\jongm\anaconda3\envs\tensorflow\lib\site-packages\h5py\h5.cp37-win_amd64.pyd
0x00007ff8f6dd0000 - 0x00007ff8f6e00000 	C:\Users\jongm\anaconda3\envs\tensorflow\lib\site-packages\h5py\defs.cp37-win_amd64.pyd
0x00007ff8f6da0000 - 0x00007ff8f6dc2000 	C:\Users\jongm\anaconda3\envs\tensorflow\Library\bin\hdf5_hl.dll
0x00007ff8f6b90000 - 0x00007ff8f6bb0000 	C:\Users\jongm\anaconda3\envs\tensorflow\lib\site-packages\h5py\_objects.cp37-win_amd64.pyd
0x00007ff8f6b70000 - 0x00007ff8f6b85000 	C:\Users\jongm\anaconda3\envs\tensorflow\lib\site-packages\h5py\_conv.cp37-win_amd64.pyd
0x00007ff8f6b50000 - 0x00007ff8f6b65000 	C:\Users\jongm\anaconda3\envs\tensorflow\lib\site-packages\h5py\h5r.cp37-win_amd64.pyd
0x00007ff8f37d0000 - 0x00007ff8f3831000 	C:\Users\jongm\anaconda3\envs\tensorflow\lib\site-packages\h5py\h5t.cp37-win_amd64.pyd
0x00007ff8f6b30000 - 0x00007ff8f6b41000 	C:\Users\jongm\anaconda3\envs\tensorflow\lib\site-packages\h5py\utils.cp37-win_amd64.pyd
0x00007ff904530000 - 0x00007ff90453f000 	C:\Users\jongm\anaconda3\envs\tensorflow\lib\site-packages\h5py\h5z.cp37-win_amd64.pyd
0x00007ff8f6ad0000 - 0x00007ff8f6af3000 	C:\Users\jongm\anaconda3\envs\tensorflow\lib\site-packages\h5py\h5a.cp37-win_amd64.pyd
0x00007ff8f6990000 - 0x00007ff8f69ad000 	C:\Users\jongm\anaconda3\envs\tensorflow\lib\site-packages\h5py\h5s.cp37-win_amd64.pyd
0x00007ff8f25c0000 - 0x00007ff8f2611000 	C:\Users\jongm\anaconda3\envs\tensorflow\lib\site-packages\h5py\h5p.cp37-win_amd64.pyd

VM Arguments:
jvm_args: -Dfile.encoding=UTF8 -ea -Xmx1024m 
java_command: <unknown>
java_class_path (initial): C:\Users\jongm\anaconda3\envs\tensorflow\lib\site-packages\konlpy\java;C:\Users\jongm\anaconda3\envs\tensorflow\lib\site-packages\konlpy\java\bin;C:\Users\jongm\anaconda3\envs\tensorflow\lib\site-packages\konlpy\java\*;C:\Users\jongm\anaconda3\envs\tensorflow\lib\site-packages\konlpy\java\jhannanum-0.8.4.jar;C:\Users\jongm\anaconda3\envs\tensorflow\lib\site-packages\konlpy\java\kkma-2.0.jar;C:\Users\jongm\anaconda3\envs\tensorflow\lib\site-packages\konlpy\java\aho-corasick.jar;C:\Users\jongm\anaconda3\envs\tensorflow\lib\site-packages\konlpy\java\shineware-common-1.0.jar;C:\Users\jongm\anaconda3\envs\tensorflow\lib\site-packages\konlpy\java\shineware-ds-1.0.jar;C:\Users\jongm\anaconda3\envs\tensorflow\lib\site-packages\konlpy\java\komoran-3.0.jar;C:\Users\jongm\anaconda3\envs\tensorflow\lib\site-packages\konlpy\java\snakeyaml-1.12.jar;C:\Users\jongm\anaconda3\envs\tensorflow\lib\site-packages\konlpy\java\scala-library-2.12.3.jar;C:\Users\jongm\anaconda3\envs\tensorflow\lib\site-packages\konlpy\java\open-korean-text-2.1.0.jar;C:\Users\jongm\anaconda3\envs\tensorflow\lib\site-packages\konlpy\java\twitter-text-1.14.7.jar;C:\Users\jongm\anaconda3\envs\tensorflow\lib\site-packages\konlpy\java\*
Launcher Type: generic

Environment Variables:
JAVA_HOME=C:\Program Files\Java\jdk1.8.0_261;C:\Program Files\Java\jre1.8.0_261;
PATH=C:\Program Files\Git\mingw64\bin;C:\Program Files\Git\usr\bin;C:\Users\jongm\bin;C:\Users\jongm\anaconda3\envs\tensorflow;C:\Users\jongm\anaconda3\envs\tensorflow\Library\mingw-w64\bin;C:\Users\jongm\anaconda3\envs\tensorflow\Library\usr\bin;C:\Users\jongm\anaconda3\envs\tensorflow\Library\bin;C:\Users\jongm\anaconda3\envs\tensorflow\Scripts;C:\Users\jongm\anaconda3\envs\tensorflow\bin;C:\Users\jongm\anaconda3\condabin;C:\Program Files (x86)\Common Files\Oracle\Java\javapath;C:\windows\system32;C:\windows;C:\windows\System32\Wbem;C:\windows\System32\WindowsPowerShell\v1.0;C:\windows\System32\OpenSSH;C:\Program Files\Intel\WiFi\bin;C:\Program Files\Common Files\Intel\WirelessCommon;C:\Program Files (x86)\Microsoft SDKs\F#\4.1\Framework\v4.0;C:\Users\jongm\anaconda3;C:\Users\jongm\anaconda3\Scripts;C:\Users\jongm\anaconda3\Library\bin;C:\Users\jongm\anaconda3\Library\mingw-w64\bin;C:\Program Files\Git\cmd;C:\Users\jongm\SBAprojects;C:\Program Files\nodejs;C:\Program Files\MariaDB 10.5\bin;C:\Users\jongm\anaconda3\envs\tensorflow;C:\Users\jongm\anaconda3\envs\tensorflow\Lib;C:\Program Files (x86)\Windows Kits\8.1\Windows Performance Toolkit;C:\Users\jongm\AppData\Local\Microsoft\WindowsApps;C:\Users\jongm\AppData\Local\Programs\Microsoft VS Code\bin;C:\Users\jongm\AppData\Roaming\npm;C:\Users\jongm\anaconda3\envs\tensorflow\lib\site-packages\numpy\.libs;C:\Users\jongm\anaconda3\envs\tensorflow\lib\site-packages\scipy\.libs
USERNAME=jongm
OS=Windows_NT
PROCESSOR_IDENTIFIER=Intel64 Family 6 Model 142 Stepping 12, GenuineIntel



---------------  S Y S T E M  ---------------

OS: Windows 10.0 , 64 bit Build 18362 (10.0.18362.1110)

CPU:total 4 (initial active 4) (2 cores per cpu, 2 threads per core) family 6 model 142 stepping 12, cmov, cx8, fxsr, mmx, sse, sse2, sse3, ssse3, sse4.1, sse4.2, popcnt, avx, avx2, aes, clmul, erms, 3dnowpref, lzcnt, ht, tsc, tscinvbit, bmi1, bmi2, adx

Memory: 4k page, physical 8194712k(1799792k free), swap 59394712k(48107540k free)

vm_info: Java HotSpot(TM) 64-Bit Server VM (25.261-b12) for windows-amd64 JRE (1.8.0_261-b12), built on Jun 18 2020 06:56:32 by "" with unknown MS VC++:1916

time: Fri Dec 18 00:41:45 2020
timezone: ¢¥eCN©öI¡¾©ö C¡ÍA¨ª¨öA
elapsed time: 207 seconds (0d 0h 3m 27s)

